This is pdfTeX, Version 3.14159265-2.6-1.40.19 (TeX Live 2018) (preloaded format=pdflatex 2018.7.22)  21 AUG 2018 19:01
entering extended mode
 restricted \write18 enabled.
 %&-line parsing enabled.
**userguide.tex
(./userguide.tex
LaTeX2e <2018-04-01> patch level 2
Babel <3.18> and hyphenation patterns for 22 language(s) loaded.
(/usr/local/texlive/2018basic/texmf-dist/tex/latex/base/article.cls
Document Class: article 2014/09/29 v1.4h Standard LaTeX document class
(/usr/local/texlive/2018basic/texmf-dist/tex/latex/base/size11.clo
File: size11.clo 2014/09/29 v1.4h Standard LaTeX file (size option)
)
\c@part=\count80
\c@section=\count81
\c@subsection=\count82
\c@subsubsection=\count83
\c@paragraph=\count84
\c@subparagraph=\count85
\c@figure=\count86
\c@table=\count87
\abovecaptionskip=\skip41
\belowcaptionskip=\skip42
\bibindent=\dimen102
)
(/usr/local/texlive/2018basic/texmf-dist/tex/latex/base/inputenc.sty
Package: inputenc 2018/04/06 v1.3b Input encoding file
\inpenc@prehook=\toks14
\inpenc@posthook=\toks15
)
(/usr/local/texlive/2018basic/texmf-dist/tex/generic/babel/babel.sty
Package: babel 2018/02/14 3.18 The Babel package

(/usr/local/texlive/2018basic/texmf-dist/tex/generic/babel/switch.def
File: switch.def 2018/02/14 3.18 Babel switching mechanism
)
(/usr/local/texlive/2018basic/texmf-dist/tex/generic/babel-english/english.ldf
Language: english 2017/06/06 v3.3r English support from the babel system

(/usr/local/texlive/2018basic/texmf-dist/tex/generic/babel/babel.def
File: babel.def 2018/02/14 3.18 Babel common definitions
\babel@savecnt=\count88
\U@D=\dimen103

(/usr/local/texlive/2018basic/texmf-dist/tex/generic/babel/txtbabel.def)
\bbl@dirlevel=\count89
)
\l@canadian = a dialect from \language\l@american 
\l@australian = a dialect from \language\l@british 
\l@newzealand = a dialect from \language\l@british 
))
(/usr/local/texlive/2018basic/texmf-dist/tex/latex/base/textcomp.sty
Package: textcomp 2017/04/05 v2.0i Standard LaTeX package
Package textcomp Info: Sub-encoding information:
(textcomp)               5 = only ISO-Adobe without \textcurrency
(textcomp)               4 = 5 + \texteuro
(textcomp)               3 = 4 + \textohm
(textcomp)               2 = 3 + \textestimated + \textcurrency
(textcomp)               1 = TS1 - \textcircled - \t
(textcomp)               0 = TS1 (full)
(textcomp)             Font families with sub-encoding setting implement
(textcomp)             only a restricted character set as indicated.
(textcomp)             Family '?' is the default used for unknown fonts.
(textcomp)             See the documentation for details.
Package textcomp Info: Setting ? sub-encoding to TS1/1 on input line 79.

(/usr/local/texlive/2018basic/texmf-dist/tex/latex/base/ts1enc.def
File: ts1enc.def 2001/06/05 v3.0e (jk/car/fm) Standard LaTeX file
Now handling font encoding TS1 ...
... processing UTF-8 mapping file for font encoding TS1

(/usr/local/texlive/2018basic/texmf-dist/tex/latex/base/ts1enc.dfu
File: ts1enc.dfu 2018/04/05 v1.2c UTF-8 support for inputenc
   defining Unicode char U+00A2 (decimal 162)
   defining Unicode char U+00A3 (decimal 163)
   defining Unicode char U+00A4 (decimal 164)
   defining Unicode char U+00A5 (decimal 165)
   defining Unicode char U+00A6 (decimal 166)
   defining Unicode char U+00A7 (decimal 167)
   defining Unicode char U+00A8 (decimal 168)
   defining Unicode char U+00A9 (decimal 169)
   defining Unicode char U+00AA (decimal 170)
   defining Unicode char U+00AC (decimal 172)
   defining Unicode char U+00AE (decimal 174)
   defining Unicode char U+00AF (decimal 175)
   defining Unicode char U+00B0 (decimal 176)
   defining Unicode char U+00B1 (decimal 177)
   defining Unicode char U+00B2 (decimal 178)
   defining Unicode char U+00B3 (decimal 179)
   defining Unicode char U+00B4 (decimal 180)
   defining Unicode char U+00B5 (decimal 181)
   defining Unicode char U+00B6 (decimal 182)
   defining Unicode char U+00B7 (decimal 183)
   defining Unicode char U+00B9 (decimal 185)
   defining Unicode char U+00BA (decimal 186)
   defining Unicode char U+00BC (decimal 188)
   defining Unicode char U+00BD (decimal 189)
   defining Unicode char U+00BE (decimal 190)
   defining Unicode char U+00D7 (decimal 215)
   defining Unicode char U+00F7 (decimal 247)
   defining Unicode char U+0192 (decimal 402)
   defining Unicode char U+02C7 (decimal 711)
   defining Unicode char U+02D8 (decimal 728)
   defining Unicode char U+02DD (decimal 733)
   defining Unicode char U+0E3F (decimal 3647)
   defining Unicode char U+2016 (decimal 8214)
   defining Unicode char U+2020 (decimal 8224)
   defining Unicode char U+2021 (decimal 8225)
   defining Unicode char U+2022 (decimal 8226)
   defining Unicode char U+2030 (decimal 8240)
   defining Unicode char U+2031 (decimal 8241)
   defining Unicode char U+203B (decimal 8251)
   defining Unicode char U+203D (decimal 8253)
   defining Unicode char U+2044 (decimal 8260)
   defining Unicode char U+204E (decimal 8270)
   defining Unicode char U+2052 (decimal 8274)
   defining Unicode char U+20A1 (decimal 8353)
   defining Unicode char U+20A4 (decimal 8356)
   defining Unicode char U+20A6 (decimal 8358)
   defining Unicode char U+20A9 (decimal 8361)
   defining Unicode char U+20AB (decimal 8363)
   defining Unicode char U+20AC (decimal 8364)
   defining Unicode char U+20B1 (decimal 8369)
   defining Unicode char U+2103 (decimal 8451)
   defining Unicode char U+2116 (decimal 8470)
   defining Unicode char U+2117 (decimal 8471)
   defining Unicode char U+211E (decimal 8478)
   defining Unicode char U+2120 (decimal 8480)
   defining Unicode char U+2122 (decimal 8482)
   defining Unicode char U+2126 (decimal 8486)
   defining Unicode char U+2127 (decimal 8487)
   defining Unicode char U+212E (decimal 8494)
   defining Unicode char U+2190 (decimal 8592)
   defining Unicode char U+2191 (decimal 8593)
   defining Unicode char U+2192 (decimal 8594)
   defining Unicode char U+2193 (decimal 8595)
   defining Unicode char U+2329 (decimal 9001)
   defining Unicode char U+232A (decimal 9002)
   defining Unicode char U+2422 (decimal 9250)
   defining Unicode char U+25E6 (decimal 9702)
   defining Unicode char U+25EF (decimal 9711)
   defining Unicode char U+266A (decimal 9834)
   defining Unicode char U+FEFF (decimal 65279)
))
LaTeX Info: Redefining \oldstylenums on input line 334.
Package textcomp Info: Setting cmr sub-encoding to TS1/0 on input line 349.
Package textcomp Info: Setting cmss sub-encoding to TS1/0 on input line 350.
Package textcomp Info: Setting cmtt sub-encoding to TS1/0 on input line 351.
Package textcomp Info: Setting cmvtt sub-encoding to TS1/0 on input line 352.
Package textcomp Info: Setting cmbr sub-encoding to TS1/0 on input line 353.
Package textcomp Info: Setting cmtl sub-encoding to TS1/0 on input line 354.
Package textcomp Info: Setting ccr sub-encoding to TS1/0 on input line 355.
Package textcomp Info: Setting ptm sub-encoding to TS1/4 on input line 356.
Package textcomp Info: Setting pcr sub-encoding to TS1/4 on input line 357.
Package textcomp Info: Setting phv sub-encoding to TS1/4 on input line 358.
Package textcomp Info: Setting ppl sub-encoding to TS1/3 on input line 359.
Package textcomp Info: Setting pag sub-encoding to TS1/4 on input line 360.
Package textcomp Info: Setting pbk sub-encoding to TS1/4 on input line 361.
Package textcomp Info: Setting pnc sub-encoding to TS1/4 on input line 362.
Package textcomp Info: Setting pzc sub-encoding to TS1/4 on input line 363.
Package textcomp Info: Setting bch sub-encoding to TS1/4 on input line 364.
Package textcomp Info: Setting put sub-encoding to TS1/5 on input line 365.
Package textcomp Info: Setting uag sub-encoding to TS1/5 on input line 366.
Package textcomp Info: Setting ugq sub-encoding to TS1/5 on input line 367.
Package textcomp Info: Setting ul8 sub-encoding to TS1/4 on input line 368.
Package textcomp Info: Setting ul9 sub-encoding to TS1/4 on input line 369.
Package textcomp Info: Setting augie sub-encoding to TS1/5 on input line 370.
Package textcomp Info: Setting dayrom sub-encoding to TS1/3 on input line 371.
Package textcomp Info: Setting dayroms sub-encoding to TS1/3 on input line 372.

Package textcomp Info: Setting pxr sub-encoding to TS1/0 on input line 373.
Package textcomp Info: Setting pxss sub-encoding to TS1/0 on input line 374.
Package textcomp Info: Setting pxtt sub-encoding to TS1/0 on input line 375.
Package textcomp Info: Setting txr sub-encoding to TS1/0 on input line 376.
Package textcomp Info: Setting txss sub-encoding to TS1/0 on input line 377.
Package textcomp Info: Setting txtt sub-encoding to TS1/0 on input line 378.
Package textcomp Info: Setting lmr sub-encoding to TS1/0 on input line 379.
Package textcomp Info: Setting lmdh sub-encoding to TS1/0 on input line 380.
Package textcomp Info: Setting lmss sub-encoding to TS1/0 on input line 381.
Package textcomp Info: Setting lmssq sub-encoding to TS1/0 on input line 382.
Package textcomp Info: Setting lmvtt sub-encoding to TS1/0 on input line 383.
Package textcomp Info: Setting lmtt sub-encoding to TS1/0 on input line 384.
Package textcomp Info: Setting qhv sub-encoding to TS1/0 on input line 385.
Package textcomp Info: Setting qag sub-encoding to TS1/0 on input line 386.
Package textcomp Info: Setting qbk sub-encoding to TS1/0 on input line 387.
Package textcomp Info: Setting qcr sub-encoding to TS1/0 on input line 388.
Package textcomp Info: Setting qcs sub-encoding to TS1/0 on input line 389.
Package textcomp Info: Setting qpl sub-encoding to TS1/0 on input line 390.
Package textcomp Info: Setting qtm sub-encoding to TS1/0 on input line 391.
Package textcomp Info: Setting qzc sub-encoding to TS1/0 on input line 392.
Package textcomp Info: Setting qhvc sub-encoding to TS1/0 on input line 393.
Package textcomp Info: Setting futs sub-encoding to TS1/4 on input line 394.
Package textcomp Info: Setting futx sub-encoding to TS1/4 on input line 395.
Package textcomp Info: Setting futj sub-encoding to TS1/4 on input line 396.
Package textcomp Info: Setting hlh sub-encoding to TS1/3 on input line 397.
Package textcomp Info: Setting hls sub-encoding to TS1/3 on input line 398.
Package textcomp Info: Setting hlst sub-encoding to TS1/3 on input line 399.
Package textcomp Info: Setting hlct sub-encoding to TS1/5 on input line 400.
Package textcomp Info: Setting hlx sub-encoding to TS1/5 on input line 401.
Package textcomp Info: Setting hlce sub-encoding to TS1/5 on input line 402.
Package textcomp Info: Setting hlcn sub-encoding to TS1/5 on input line 403.
Package textcomp Info: Setting hlcw sub-encoding to TS1/5 on input line 404.
Package textcomp Info: Setting hlcf sub-encoding to TS1/5 on input line 405.
Package textcomp Info: Setting pplx sub-encoding to TS1/3 on input line 406.
Package textcomp Info: Setting pplj sub-encoding to TS1/3 on input line 407.
Package textcomp Info: Setting ptmx sub-encoding to TS1/4 on input line 408.
Package textcomp Info: Setting ptmj sub-encoding to TS1/4 on input line 409.
)
(/usr/local/texlive/2018basic/texmf-dist/tex/latex/geometry/geometry.sty
Package: geometry 2018/03/24 v5.7 Page Geometry

(/usr/local/texlive/2018basic/texmf-dist/tex/latex/graphics/keyval.sty
Package: keyval 2014/10/28 v1.15 key=value parser (DPC)
\KV@toks@=\toks16
)
(/usr/local/texlive/2018basic/texmf-dist/tex/generic/oberdiek/ifpdf.sty
Package: ifpdf 2017/03/15 v3.2 Provides the ifpdf switch
)
(/usr/local/texlive/2018basic/texmf-dist/tex/generic/oberdiek/ifvtex.sty
Package: ifvtex 2016/05/16 v1.6 Detect VTeX and its facilities (HO)
Package ifvtex Info: VTeX not detected.
)
(/usr/local/texlive/2018basic/texmf-dist/tex/generic/ifxetex/ifxetex.sty
Package: ifxetex 2010/09/12 v0.6 Provides ifxetex conditional
)
\Gm@cnth=\count90
\Gm@cntv=\count91
\c@Gm@tempcnt=\count92
\Gm@bindingoffset=\dimen104
\Gm@wd@mp=\dimen105
\Gm@odd@mp=\dimen106
\Gm@even@mp=\dimen107
\Gm@layoutwidth=\dimen108
\Gm@layoutheight=\dimen109
\Gm@layouthoffset=\dimen110
\Gm@layoutvoffset=\dimen111
\Gm@dimlist=\toks17
)
(/usr/local/texlive/2018basic/texmf-dist/tex/latex/graphics/graphicx.sty
Package: graphicx 2017/06/01 v1.1a Enhanced LaTeX Graphics (DPC,SPQR)

(/usr/local/texlive/2018basic/texmf-dist/tex/latex/graphics/graphics.sty
Package: graphics 2017/06/25 v1.2c Standard LaTeX Graphics (DPC,SPQR)

(/usr/local/texlive/2018basic/texmf-dist/tex/latex/graphics/trig.sty
Package: trig 2016/01/03 v1.10 sin cos tan (DPC)
)
(/usr/local/texlive/2018basic/texmf-dist/tex/latex/graphics-cfg/graphics.cfg
File: graphics.cfg 2016/06/04 v1.11 sample graphics configuration
)
Package graphics Info: Driver file: pdftex.def on input line 99.

(/usr/local/texlive/2018basic/texmf-dist/tex/latex/graphics-def/pdftex.def
File: pdftex.def 2018/01/08 v1.0l Graphics/color driver for pdftex
))
\Gin@req@height=\dimen112
\Gin@req@width=\dimen113
)
(/usr/local/texlive/2018basic/texmf-dist/tex/latex/float/float.sty
Package: float 2001/11/08 v1.3d Float enhancements (AL)
\c@float@type=\count93
\float@exts=\toks18
\float@box=\box26
\@float@everytoks=\toks19
\@floatcapt=\box27
)
(/usr/local/texlive/2018basic/texmf-dist/tex/latex/listings/listings.sty
\lst@mode=\count94
\lst@gtempboxa=\box28
\lst@token=\toks20
\lst@length=\count95
\lst@currlwidth=\dimen114
\lst@column=\count96
\lst@pos=\count97
\lst@lostspace=\dimen115
\lst@width=\dimen116
\lst@newlines=\count98
\lst@lineno=\count99
\lst@maxwidth=\dimen117

(/usr/local/texlive/2018basic/texmf-dist/tex/latex/listings/lstmisc.sty
File: lstmisc.sty 2015/06/04 1.6 (Carsten Heinz)
\c@lstnumber=\count100
\lst@skipnumbers=\count101
\lst@framebox=\box29
)
(/usr/local/texlive/2018basic/texmf-dist/tex/latex/listings/listings.cfg
File: listings.cfg 2015/06/04 1.6 listings configuration
))
Package: listings 2015/06/04 1.6 (Carsten Heinz)

(/usr/local/texlive/2018basic/texmf-dist/tex/latex/graphics/color.sty
Package: color 2016/07/10 v1.1e Standard LaTeX Color (DPC)

(/usr/local/texlive/2018basic/texmf-dist/tex/latex/graphics-cfg/color.cfg
File: color.cfg 2016/01/02 v1.6 sample color configuration
)
Package color Info: Driver file: pdftex.def on input line 147.
)
(/usr/local/texlive/2018basic/texmf-dist/tex/latex/fancyhdr/fancyhdr.sty
Package: fancyhdr 2017/06/30 v3.9a Extensive control of page headers and footer
s
\f@nch@headwidth=\skip43
\f@nch@O@elh=\skip44
\f@nch@O@erh=\skip45
\f@nch@O@olh=\skip46
\f@nch@O@orh=\skip47
\f@nch@O@elf=\skip48
\f@nch@O@erf=\skip49
\f@nch@O@olf=\skip50
\f@nch@O@orf=\skip51
)
(/usr/local/texlive/2018basic/texmf-dist/tex/latex/hyperref/hyperref.sty
Package: hyperref 2018/02/06 v6.86b Hypertext links for LaTeX

(/usr/local/texlive/2018basic/texmf-dist/tex/generic/oberdiek/hobsub-hyperref.s
ty
Package: hobsub-hyperref 2016/05/16 v1.14 Bundle oberdiek, subset hyperref (HO)


(/usr/local/texlive/2018basic/texmf-dist/tex/generic/oberdiek/hobsub-generic.st
y
Package: hobsub-generic 2016/05/16 v1.14 Bundle oberdiek, subset generic (HO)
Package: hobsub 2016/05/16 v1.14 Construct package bundles (HO)
Package: infwarerr 2016/05/16 v1.4 Providing info/warning/error messages (HO)
Package: ltxcmds 2016/05/16 v1.23 LaTeX kernel commands for general use (HO)
Package: ifluatex 2016/05/16 v1.4 Provides the ifluatex switch (HO)
Package ifluatex Info: LuaTeX not detected.
Package hobsub Info: Skipping package `ifvtex' (already loaded).
Package: intcalc 2016/05/16 v1.2 Expandable calculations with integers (HO)
Package hobsub Info: Skipping package `ifpdf' (already loaded).
Package: etexcmds 2016/05/16 v1.6 Avoid name clashes with e-TeX commands (HO)
Package etexcmds Info: Could not find \expanded.
(etexcmds)             That can mean that you are not using pdfTeX 1.50 or
(etexcmds)             that some package has redefined \expanded.
(etexcmds)             In the latter case, load this package earlier.
Package: kvsetkeys 2016/05/16 v1.17 Key value parser (HO)
Package: kvdefinekeys 2016/05/16 v1.4 Define keys (HO)
Package: pdftexcmds 2018/01/30 v0.27 Utility functions of pdfTeX for LuaTeX (HO
)
Package pdftexcmds Info: LuaTeX not detected.
Package pdftexcmds Info: \pdf@primitive is available.
Package pdftexcmds Info: \pdf@ifprimitive is available.
Package pdftexcmds Info: \pdfdraftmode found.
Package: pdfescape 2016/05/16 v1.14 Implements pdfTeX's escape features (HO)
Package: bigintcalc 2016/05/16 v1.4 Expandable calculations on big integers (HO
)
Package: bitset 2016/05/16 v1.2 Handle bit-vector datatype (HO)
Package: uniquecounter 2016/05/16 v1.3 Provide unlimited unique counter (HO)
)
Package hobsub Info: Skipping package `hobsub' (already loaded).
Package: letltxmacro 2016/05/16 v1.5 Let assignment for LaTeX macros (HO)
Package: hopatch 2016/05/16 v1.3 Wrapper for package hooks (HO)
Package: xcolor-patch 2016/05/16 xcolor patch
Package: atveryend 2016/05/16 v1.9 Hooks at the very end of document (HO)
Package atveryend Info: \enddocument detected (standard20110627).
Package: atbegshi 2016/06/09 v1.18 At begin shipout hook (HO)
Package: refcount 2016/05/16 v3.5 Data extraction from label references (HO)
Package: hycolor 2016/05/16 v1.8 Color options for hyperref/bookmark (HO)
) (/usr/local/texlive/2018basic/texmf-dist/tex/latex/oberdiek/auxhook.sty
Package: auxhook 2016/05/16 v1.4 Hooks for auxiliary files (HO)
)
(/usr/local/texlive/2018basic/texmf-dist/tex/latex/oberdiek/kvoptions.sty
Package: kvoptions 2016/05/16 v3.12 Key value format for package options (HO)
)
\@linkdim=\dimen118
\Hy@linkcounter=\count102
\Hy@pagecounter=\count103

(/usr/local/texlive/2018basic/texmf-dist/tex/latex/hyperref/pd1enc.def
File: pd1enc.def 2018/02/06 v6.86b Hyperref: PDFDocEncoding definition (HO)
Now handling font encoding PD1 ...
... no UTF-8 mapping file for font encoding PD1
)
\Hy@SavedSpaceFactor=\count104

(/usr/local/texlive/2018basic/texmf-dist/tex/latex/latexconfig/hyperref.cfg
File: hyperref.cfg 2002/06/06 v1.2 hyperref configuration of TeXLive
)
Package hyperref Info: Option `unicode' set `true' on input line 4383.

(/usr/local/texlive/2018basic/texmf-dist/tex/latex/hyperref/puenc.def
File: puenc.def 2018/02/06 v6.86b Hyperref: PDF Unicode definition (HO)
Now handling font encoding PU ...
... no UTF-8 mapping file for font encoding PU
)
Package hyperref Info: Hyper figures OFF on input line 4509.
Package hyperref Info: Link nesting OFF on input line 4514.
Package hyperref Info: Hyper index ON on input line 4517.
Package hyperref Info: Plain pages OFF on input line 4524.
Package hyperref Info: Backreferencing OFF on input line 4529.
Package hyperref Info: Implicit mode ON; LaTeX internals redefined.
Package hyperref Info: Bookmarks ON on input line 4762.
\c@Hy@tempcnt=\count105

(/usr/local/texlive/2018basic/texmf-dist/tex/latex/url/url.sty
\Urlmuskip=\muskip10
Package: url 2013/09/16  ver 3.4  Verb mode for urls, etc.
)
LaTeX Info: Redefining \url on input line 5115.
\XeTeXLinkMargin=\dimen119
\Fld@menulength=\count106
\Field@Width=\dimen120
\Fld@charsize=\dimen121
Package hyperref Info: Hyper figures OFF on input line 6369.
Package hyperref Info: Link nesting OFF on input line 6374.
Package hyperref Info: Hyper index ON on input line 6377.
Package hyperref Info: backreferencing OFF on input line 6384.
Package hyperref Info: Link coloring OFF on input line 6389.
Package hyperref Info: Link coloring with OCG OFF on input line 6394.
Package hyperref Info: PDF/A mode OFF on input line 6399.
LaTeX Info: Redefining \ref on input line 6439.
LaTeX Info: Redefining \pageref on input line 6443.
\Hy@abspage=\count107
\c@Item=\count108
\c@Hfootnote=\count109
)
Package hyperref Info: Driver (autodetected): hpdftex.

(/usr/local/texlive/2018basic/texmf-dist/tex/latex/hyperref/hpdftex.def
File: hpdftex.def 2018/02/06 v6.86b Hyperref driver for pdfTeX
\Fld@listcount=\count110
\c@bookmark@seq@number=\count111

(/usr/local/texlive/2018basic/texmf-dist/tex/latex/oberdiek/rerunfilecheck.sty
Package: rerunfilecheck 2016/05/16 v1.8 Rerun checks for auxiliary files (HO)
Package uniquecounter Info: New unique counter `rerunfilecheck' on input line 2
82.
)
\Hy@SectionHShift=\skip52
)
Package hyperref Info: Option `breaklinks' set `true' on input line 26.
Package hyperref Info: Option `colorlinks' set `true' on input line 26.
 (./userguide.aux)
\openout1 = `userguide.aux'.

LaTeX Font Info:    Checking defaults for OML/cmm/m/it on input line 39.
LaTeX Font Info:    ... okay on input line 39.
LaTeX Font Info:    Checking defaults for T1/cmr/m/n on input line 39.
LaTeX Font Info:    ... okay on input line 39.
LaTeX Font Info:    Checking defaults for OT1/cmr/m/n on input line 39.
LaTeX Font Info:    ... okay on input line 39.
LaTeX Font Info:    Checking defaults for OMS/cmsy/m/n on input line 39.
LaTeX Font Info:    ... okay on input line 39.
LaTeX Font Info:    Checking defaults for OMX/cmex/m/n on input line 39.
LaTeX Font Info:    ... okay on input line 39.
LaTeX Font Info:    Checking defaults for U/cmr/m/n on input line 39.
LaTeX Font Info:    ... okay on input line 39.
LaTeX Font Info:    Checking defaults for TS1/cmr/m/n on input line 39.
LaTeX Font Info:    Try loading font information for TS1+cmr on input line 39.

(/usr/local/texlive/2018basic/texmf-dist/tex/latex/base/ts1cmr.fd
File: ts1cmr.fd 2014/09/29 v2.5h Standard LaTeX font definitions
)
LaTeX Font Info:    ... okay on input line 39.
LaTeX Font Info:    Checking defaults for PD1/pdf/m/n on input line 39.
LaTeX Font Info:    ... okay on input line 39.
LaTeX Font Info:    Checking defaults for PU/pdf/m/n on input line 39.
LaTeX Font Info:    ... okay on input line 39.

*geometry* driver: auto-detecting
*geometry* detected driver: pdftex
*geometry* verbose mode - [ preamble ] result:
* driver: pdftex
* paper: a4paper
* layout: <same size as paper>
* layoutoffset:(h,v)=(0.0pt,0.0pt)
* hratio: 1:1
* vratio: 1:1
* modes: 
* h-part:(L,W,R)=(42.67912pt, 512.14963pt, 42.67912pt)
* v-part:(T,H,B)=(42.67912pt, 731.23584pt, 71.13188pt)
* \paperwidth=597.50787pt
* \paperheight=845.04684pt
* \textwidth=512.14963pt
* \textheight=731.23584pt
* \oddsidemargin=-29.59087pt
* \evensidemargin=-29.59087pt
* \topmargin=-66.59087pt
* \headheight=12.0pt
* \headsep=25.0pt
* \topskip=11.0pt
* \footskip=30.0pt
* \marginparwidth=50.0pt
* \marginparsep=10.0pt
* \columnsep=10.0pt
* \skip\footins=10.0pt plus 4.0pt minus 2.0pt
* \hoffset=0.0pt
* \voffset=0.0pt
* \mag=1000
* \@twocolumnfalse
* \@twosidefalse
* \@mparswitchfalse
* \@reversemarginfalse
* (1in=72.27pt=25.4mm, 1cm=28.453pt)

(/usr/local/texlive/2018basic/texmf-dist/tex/context/base/mkii/supp-pdf.mkii
[Loading MPS to PDF converter (version 2006.09.02).]
\scratchcounter=\count112
\scratchdimen=\dimen122
\scratchbox=\box30
\nofMPsegments=\count113
\nofMParguments=\count114
\everyMPshowfont=\toks21
\MPscratchCnt=\count115
\MPscratchDim=\dimen123
\MPnumerator=\count116
\makeMPintoPDFobject=\count117
\everyMPtoPDFconversion=\toks22
) (/usr/local/texlive/2018basic/texmf-dist/tex/latex/oberdiek/epstopdf-base.sty
Package: epstopdf-base 2016/05/15 v2.6 Base part for package epstopdf
(/usr/local/texlive/2018basic/texmf-dist/tex/latex/oberdiek/grfext.sty
Package: grfext 2016/05/16 v1.2 Manage graphics extensions (HO)
)
Package epstopdf-base Info: Redefining graphics rule for `.eps' on input line 4
38.
Package grfext Info: Graphics extension search list:
(grfext)             [.pdf,.png,.jpg,.mps,.jpeg,.jbig2,.jb2,.PDF,.PNG,.JPG,.JPE
G,.JBIG2,.JB2,.eps]
(grfext)             \AppendGraphicsExtensions on input line 456.

(/usr/local/texlive/2018basic/texmf-dist/tex/latex/latexconfig/epstopdf-sys.cfg
File: epstopdf-sys.cfg 2010/07/13 v1.3 Configuration of (r)epstopdf for TeX Liv
e
))
\c@lstlisting=\count118
\AtBeginShipoutBox=\box31
Package hyperref Info: Link coloring ON on input line 39.
 (/usr/local/texlive/2018basic/texmf-dist/tex/latex/hyperref/nameref.sty
Package: nameref 2016/05/21 v2.44 Cross-referencing by name of section

(/usr/local/texlive/2018basic/texmf-dist/tex/generic/oberdiek/gettitlestring.st
y
Package: gettitlestring 2016/05/16 v1.5 Cleanup title references (HO)
)
\c@section@level=\count119
)
LaTeX Info: Redefining \ref on input line 39.
LaTeX Info: Redefining \pageref on input line 39.
LaTeX Info: Redefining \nameref on input line 39.
 (./userguide.out) (./userguide.out)
\@outlinefile=\write3
\openout3 = `userguide.out'.

LaTeX Font Info:    External font `cmex10' loaded for size
(Font)              <12> on input line 41.
LaTeX Font Info:    External font `cmex10' loaded for size
(Font)              <8> on input line 41.
LaTeX Font Info:    External font `cmex10' loaded for size
(Font)              <6> on input line 41.
<home.png, id=48, 1284.8pt x 803.0pt>
File: home.png Graphic file (type png)
<use home.png>
Package pdftex.def Info: home.png  used on input line 43.
(pdftex.def)             Requested size: 460.93153pt x 288.07506pt.
 [1

{/usr/local/texlive/2018basic/texmf-var/fonts/map/pdftex/updmap/pdftex.map} <./
home.png>] (./userguide.toc
LaTeX Font Info:    External font `cmex10' loaded for size
(Font)              <10.95> on input line 5.
)
\tf@toc=\write4
\openout4 = `userguide.toc'.

 [2]
<translator_register0.png, id=78, 1284.8pt x 803.0pt>
File: translator_register0.png Graphic file (type png)
<use translator_register0.png>
Package pdftex.def Info: translator_register0.png  used on input line 57.
(pdftex.def)             Requested size: 460.93153pt x 288.07506pt.
<translator_register1.png, id=79, 1284.8pt x 803.0pt>
File: translator_register1.png Graphic file (type png)
<use translator_register1.png>
Package pdftex.def Info: translator_register1.png  used on input line 63.
(pdftex.def)             Requested size: 460.93153pt x 288.07506pt.


Package Fancyhdr Warning: \headheight is too small (12.0pt): 
 Make it at least 13.59999pt.
 We now make it that large for the rest of the document.
 This may cause the page layout to be inconsistent, however.

[3

 <./translator_register0.png> <./translator_register1.png>]
<translator_register2.png, id=90, 1284.8pt x 803.0pt>
File: translator_register2.png Graphic file (type png)
<use translator_register2.png>
Package pdftex.def Info: translator_register2.png  used on input line 70.
(pdftex.def)             Requested size: 460.93153pt x 288.07506pt.
<translator_register3.png, id=91, 1284.8pt x 803.0pt>
File: translator_register3.png Graphic file (type png)
<use translator_register3.png>
Package pdftex.def Info: translator_register3.png  used on input line 75.
(pdftex.def)             Requested size: 460.93153pt x 288.07506pt.
 [4

 <./translator_register2.png> <./translator_register3.png>]
<translator_register4.png, id=98, 1284.8pt x 803.0pt>
File: translator_register4.png Graphic file (type png)
<use translator_register4.png>
Package pdftex.def Info: translator_register4.png  used on input line 82.
(pdftex.def)             Requested size: 460.93153pt x 288.07506pt.
<translator_register5.png, id=99, 1284.8pt x 803.0pt>
File: translator_register5.png Graphic file (type png)
<use translator_register5.png>
Package pdftex.def Info: translator_register5.png  used on input line 87.
(pdftex.def)             Requested size: 460.93153pt x 288.07506pt.
 [5

 <./translator_register4.png> <./translator_register5.png>]
<translator_register6.png, id=106, 1284.8pt x 803.0pt>
File: translator_register6.png Graphic file (type png)
<use translator_register6.png>
Package pdftex.def Info: translator_register6.png  used on input line 94.
(pdftex.def)             Requested size: 460.93153pt x 288.07506pt.
<translator_register7.png, id=107, 1284.8pt x 803.0pt>
File: translator_register7.png Graphic file (type png)
<use translator_register7.png>
Package pdftex.def Info: translator_register7.png  used on input line 100.
(pdftex.def)             Requested size: 460.93153pt x 288.07506pt.
 [6

 <./translator_register6.png> <./translator_register7.png>]
File: translator_register0.png Graphic file (type png)
<use translator_register0.png>
Package pdftex.def Info: translator_register0.png  used on input line 107.
(pdftex.def)             Requested size: 460.93153pt x 288.07506pt.
<login.png, id=114, 1284.8pt x 803.0pt>
File: login.png Graphic file (type png)
<use login.png>
Package pdftex.def Info: login.png  used on input line 113.
(pdftex.def)             Requested size: 460.93153pt x 288.07506pt.
 [7

 <./login.png>]
<translator_home.png, id=121, 1284.8pt x 803.0pt>
File: translator_home.png Graphic file (type png)
<use translator_home.png>
Package pdftex.def Info: translator_home.png  used on input line 121.
(pdftex.def)             Requested size: 460.93153pt x 288.07506pt.
 [8

 <./translator_home.png>]
<translator_pair0.png, id=127, 1284.8pt x 803.0pt>
File: translator_pair0.png Graphic file (type png)
<use translator_pair0.png>
Package pdftex.def Info: translator_pair0.png  used on input line 155.
(pdftex.def)             Requested size: 460.93153pt x 288.07506pt.
<translator_pair1.png, id=128, 1284.8pt x 803.0pt>
File: translator_pair1.png Graphic file (type png)
<use translator_pair1.png>
Package pdftex.def Info: translator_pair1.png  used on input line 161.
(pdftex.def)             Requested size: 460.93153pt x 288.07506pt.
 [9

 <./translator_pair0.png> <./translator_pair1.png>]
<translator_pair2.png, id=135, 1284.8pt x 803.0pt>
File: translator_pair2.png Graphic file (type png)
<use translator_pair2.png>
Package pdftex.def Info: translator_pair2.png  used on input line 169.
(pdftex.def)             Requested size: 460.93153pt x 288.07506pt.
<translator_pair3.png, id=136, 1284.8pt x 803.0pt>
File: translator_pair3.png Graphic file (type png)
<use translator_pair3.png>
Package pdftex.def Info: translator_pair3.png  used on input line 175.
(pdftex.def)             Requested size: 460.93153pt x 288.07506pt.
 [10

 <./translator_pair2.png> <./translator_pair3.png>]
<translator_pair4.png, id=143, 1284.8pt x 803.0pt>
File: translator_pair4.png Graphic file (type png)
<use translator_pair4.png>
Package pdftex.def Info: translator_pair4.png  used on input line 183.
(pdftex.def)             Requested size: 460.93153pt x 288.07506pt.
<translator_pair5.png, id=144, 1284.8pt x 803.0pt>
File: translator_pair5.png Graphic file (type png)
<use translator_pair5.png>
Package pdftex.def Info: translator_pair5.png  used on input line 189.
(pdftex.def)             Requested size: 460.93153pt x 288.07506pt.
 [11

 <./translator_pair4.png> <./translator_pair5.png>]
<translator_pair6.png, id=151, 1284.8pt x 803.0pt>
File: translator_pair6.png Graphic file (type png)
<use translator_pair6.png>
Package pdftex.def Info: translator_pair6.png  used on input line 197.
(pdftex.def)             Requested size: 460.93153pt x 288.07506pt.
<translator_pair7.png, id=152, 1284.8pt x 803.0pt>
File: translator_pair7.png Graphic file (type png)
<use translator_pair7.png>
Package pdftex.def Info: translator_pair7.png  used on input line 203.
(pdftex.def)             Requested size: 460.93153pt x 288.07506pt.
 [12

 <./translator_pair6.png> <./translator_pair7.png>]
<translator_pair8.png, id=159, 1284.8pt x 803.0pt>
File: translator_pair8.png Graphic file (type png)
<use translator_pair8.png>
Package pdftex.def Info: translator_pair8.png  used on input line 212.
(pdftex.def)             Requested size: 460.93153pt x 288.07506pt.
 [13

 <./translator_pair8.png>]
<translator_job0.png, id=166, 1284.8pt x 803.0pt>
File: translator_job0.png Graphic file (type png)
<use translator_job0.png>
Package pdftex.def Info: translator_job0.png  used on input line 223.
(pdftex.def)             Requested size: 460.93153pt x 288.07506pt.
<translator_job1.png, id=167, 1284.8pt x 803.0pt>
File: translator_job1.png Graphic file (type png)
<use translator_job1.png>
Package pdftex.def Info: translator_job1.png  used on input line 229.
(pdftex.def)             Requested size: 435.3303pt x 272.07292pt.
 [14

 <./translator_job0.png> <./translator_job1.png>]
<translator_job2.png, id=174, 1284.8pt x 803.0pt>
File: translator_job2.png Graphic file (type png)
<use translator_job2.png>
Package pdftex.def Info: translator_job2.png  used on input line 237.
(pdftex.def)             Requested size: 460.93153pt x 288.07506pt.
<translator_job3.png, id=175, 1284.8pt x 803.0pt>
File: translator_job3.png Graphic file (type png)
<use translator_job3.png>
Package pdftex.def Info: translator_job3.png  used on input line 243.
(pdftex.def)             Requested size: 460.93153pt x 288.07506pt.
 [15

 <./translator_job2.png> <./translator_job3.png>]
<translator_job4.png, id=182, 1284.8pt x 803.0pt>
File: translator_job4.png Graphic file (type png)
<use translator_job4.png>
Package pdftex.def Info: translator_job4.png  used on input line 251.
(pdftex.def)             Requested size: 460.93153pt x 288.07506pt.
<translator_job5.png, id=183, 1284.8pt x 803.0pt>
File: translator_job5.png Graphic file (type png)
<use translator_job5.png>
Package pdftex.def Info: translator_job5.png  used on input line 258.
(pdftex.def)             Requested size: 460.93153pt x 288.07506pt.
 [16

 <./translator_job4.png> <./translator_job5.png>]
<translator_job6.png, id=190, 1284.8pt x 803.0pt>
File: translator_job6.png Graphic file (type png)
<use translator_job6.png>
Package pdftex.def Info: translator_job6.png  used on input line 266.
(pdftex.def)             Requested size: 460.93153pt x 288.07506pt.
<translator_job7.png, id=191, 1284.8pt x 803.0pt>
File: translator_job7.png Graphic file (type png)
<use translator_job7.png>
Package pdftex.def Info: translator_job7.png  used on input line 272.
(pdftex.def)             Requested size: 460.93153pt x 288.07506pt.
 [17

 <./translator_job6.png> <./translator_job7.png>]
<translator_job8.png, id=198, 1284.8pt x 803.0pt>
File: translator_job8.png Graphic file (type png)
<use translator_job8.png>
Package pdftex.def Info: translator_job8.png  used on input line 280.
(pdftex.def)             Requested size: 460.93153pt x 288.07506pt.
<translator_job9.png, id=199, 1284.8pt x 803.0pt>
File: translator_job9.png Graphic file (type png)
<use translator_job9.png>
Package pdftex.def Info: translator_job9.png  used on input line 286.
(pdftex.def)             Requested size: 460.93153pt x 288.07506pt.
 [18

 <./translator_job8.png> <./translator_job9.png>]
<translator_job10.png, id=206, 1284.8pt x 803.0pt>
File: translator_job10.png Graphic file (type png)
<use translator_job10.png>
Package pdftex.def Info: translator_job10.png  used on input line 294.
(pdftex.def)             Requested size: 460.93153pt x 288.07506pt.
<translator_job11.png, id=207, 1284.8pt x 803.0pt>
File: translator_job11.png Graphic file (type png)
<use translator_job11.png>
Package pdftex.def Info: translator_job11.png  used on input line 300.
(pdftex.def)             Requested size: 460.93153pt x 288.07506pt.
 [19

 <./translator_job10.png> <./translator_job11.png>]
File: translator_job11.png Graphic file (type png)
<use translator_job11.png>
Package pdftex.def Info: translator_job11.png  used on input line 307.
(pdftex.def)             Requested size: 460.93153pt x 288.07506pt.

[20

]
<translator_job3_del.png, id=220, 1284.8pt x 803.0pt>
File: translator_job3_del.png Graphic file (type png)
<use translator_job3_del.png>
Package pdftex.def Info: translator_job3_del.png  used on input line 315.
(pdftex.def)             Requested size: 460.93153pt x 288.07506pt.
 [21

 <./translator_job3_del.png>]
<translator_skilltest0.png, id=226, 1284.8pt x 803.0pt>
File: translator_skilltest0.png Graphic file (type png)
<use translator_skilltest0.png>
Package pdftex.def Info: translator_skilltest0.png  used on input line 325.
(pdftex.def)             Requested size: 460.93153pt x 288.07506pt.
<translator_skilltest1.png, id=227, 1284.8pt x 803.0pt>
File: translator_skilltest1.png Graphic file (type png)
<use translator_skilltest1.png>
Package pdftex.def Info: translator_skilltest1.png  used on input line 331.
(pdftex.def)             Requested size: 435.3303pt x 272.07292pt.
 [22

 <./translator_skilltest0.png> <./translator_skilltest1.png>]
<translator_skilltest2.png, id=234, 1284.8pt x 803.0pt>
File: translator_skilltest2.png Graphic file (type png)
<use translator_skilltest2.png>
Package pdftex.def Info: translator_skilltest2.png  used on input line 339.
(pdftex.def)             Requested size: 460.93153pt x 288.07506pt.
<translator_skilltest3.png, id=235, 1284.8pt x 803.0pt>
File: translator_skilltest3.png Graphic file (type png)
<use translator_skilltest3.png>
Package pdftex.def Info: translator_skilltest3.png  used on input line 345.
(pdftex.def)             Requested size: 460.93153pt x 288.07506pt.
 [23

 <./translator_skilltest2.png> <./translator_skilltest3.png>]
<translator_skilltest4.png, id=242, 1284.8pt x 803.0pt>
File: translator_skilltest4.png Graphic file (type png)
<use translator_skilltest4.png>
Package pdftex.def Info: translator_skilltest4.png  used on input line 353.
(pdftex.def)             Requested size: 460.93153pt x 288.07506pt.
<translator_skilltest5.png, id=243, 1284.8pt x 803.0pt>
File: translator_skilltest5.png Graphic file (type png)
<use translator_skilltest5.png>
Package pdftex.def Info: translator_skilltest5.png  used on input line 359.
(pdftex.def)             Requested size: 460.93153pt x 288.07506pt.
 [24

 <./translator_skilltest4.png> <./translator_skilltest5.png>]
<translator_skilltest6.png, id=250, 1284.8pt x 803.0pt>
File: translator_skilltest6.png Graphic file (type png)
<use translator_skilltest6.png>
Package pdftex.def Info: translator_skilltest6.png  used on input line 367.
(pdftex.def)             Requested size: 460.93153pt x 288.07506pt.
<translator_skilltest7.png, id=251, 1284.8pt x 803.0pt>
File: translator_skilltest7.png Graphic file (type png)
<use translator_skilltest7.png>
Package pdftex.def Info: translator_skilltest7.png  used on input line 373.
(pdftex.def)             Requested size: 460.93153pt x 288.07506pt.

[25

 <./translator_skilltest6.png> <./translator_skilltest7.png>]
<translator_skilltest8.png, id=259, 1284.8pt x 803.0pt>
File: translator_skilltest8.png Graphic file (type png)
<use translator_skilltest8.png>
Package pdftex.def Info: translator_skilltest8.png  used on input line 381.
(pdftex.def)             Requested size: 460.93153pt x 288.07506pt.
<translator_skilltest9.png, id=260, 1284.8pt x 803.0pt>
File: translator_skilltest9.png Graphic file (type png)
<use translator_skilltest9.png>
Package pdftex.def Info: translator_skilltest9.png  used on input line 387.
(pdftex.def)             Requested size: 460.93153pt x 288.07506pt.
 [26

 <./translator_skilltest8.png> <./translator_skilltest9.png>]
<translator_socialtrad00.png, id=267, 1284.8pt x 803.0pt>
File: translator_socialtrad00.png Graphic file (type png)
<use translator_socialtrad00.png>
Package pdftex.def Info: translator_socialtrad00.png  used on input line 396.
(pdftex.def)             Requested size: 460.93153pt x 288.07506pt.
<translator_socialtrad0.png, id=268, 1284.8pt x 803.0pt>
File: translator_socialtrad0.png Graphic file (type png)
<use translator_socialtrad0.png>
Package pdftex.def Info: translator_socialtrad0.png  used on input line 401.
(pdftex.def)             Requested size: 460.93153pt x 288.07506pt.
<translator_socialtrad1.png, id=269, 1284.8pt x 803.0pt>
File: translator_socialtrad1.png Graphic file (type png)
<use translator_socialtrad1.png>
Package pdftex.def Info: translator_socialtrad1.png  used on input line 407.
(pdftex.def)             Requested size: 460.93153pt x 288.07506pt.
 [27

 <./translator_socialtrad00.png> <./translator_socialtrad0.png>]
<translator_socialtrad2.png, id=276, 1284.8pt x 803.0pt>
File: translator_socialtrad2.png Graphic file (type png)
<use translator_socialtrad2.png>
Package pdftex.def Info: translator_socialtrad2.png  used on input line 413.
(pdftex.def)             Requested size: 460.93153pt x 288.07506pt.
 [28 <./translator_socialtrad1.png> <./translator_socialtrad2.png>]
<translator_socialtrad3.png, id=283, 1284.8pt x 803.0pt>
File: translator_socialtrad3.png Graphic file (type png)
<use translator_socialtrad3.png>
Package pdftex.def Info: translator_socialtrad3.png  used on input line 420.
(pdftex.def)             Requested size: 460.93153pt x 288.07506pt.
<translator_socialtrad4.png, id=284, 1284.8pt x 803.0pt>
File: translator_socialtrad4.png Graphic file (type png)
<use translator_socialtrad4.png>
Package pdftex.def Info: translator_socialtrad4.png  used on input line 427.
(pdftex.def)             Requested size: 460.93153pt x 288.07506pt.
 [29

 <./translator_socialtrad3.png> <./translator_socialtrad4.png>]
<translator_socialtrad5.png, id=291, 1284.8pt x 803.0pt>
File: translator_socialtrad5.png Graphic file (type png)
<use translator_socialtrad5.png>
Package pdftex.def Info: translator_socialtrad5.png  used on input line 434.
(pdftex.def)             Requested size: 460.93153pt x 288.07506pt.
<translator_socialtrad6.png, id=292, 1284.8pt x 803.0pt>
File: translator_socialtrad6.png Graphic file (type png)
<use translator_socialtrad6.png>
Package pdftex.def Info: translator_socialtrad6.png  used on input line 440.
(pdftex.def)             Requested size: 460.93153pt x 288.07506pt.
 [30

 <./translator_socialtrad5.png> <./translator_socialtrad6.png>]
<translator_socialtrad7.png, id=299, 1284.8pt x 803.0pt>
File: translator_socialtrad7.png Graphic file (type png)
<use translator_socialtrad7.png>
Package pdftex.def Info: translator_socialtrad7.png  used on input line 447.
(pdftex.def)             Requested size: 460.93153pt x 288.07506pt.
<translator_socialtrad8.png, id=300, 1284.8pt x 803.0pt>
File: translator_socialtrad8.png Graphic file (type png)
<use translator_socialtrad8.png>
Package pdftex.def Info: translator_socialtrad8.png  used on input line 453.
(pdftex.def)             Requested size: 460.93153pt x 288.07506pt.
<translator_socialtrad9.png, id=301, 1284.8pt x 803.0pt>
File: translator_socialtrad9.png Graphic file (type png)
<use translator_socialtrad9.png>
Package pdftex.def Info: translator_socialtrad9.png  used on input line 459.
(pdftex.def)             Requested size: 460.93153pt x 288.07506pt.
 [31

 <./translator_socialtrad7.png> <./translator_socialtrad8.png>] [32 <./translat
or_socialtrad9.png>]
<translator_socialrating0.png, id=315, 1284.8pt x 803.0pt>
File: translator_socialrating0.png Graphic file (type png)
<use translator_socialrating0.png>
Package pdftex.def Info: translator_socialrating0.png  used on input line 473.
(pdftex.def)             Requested size: 460.93153pt x 288.07506pt.
<translator_socialrating1.png, id=316, 1284.8pt x 803.0pt>
File: translator_socialrating1.png Graphic file (type png)
<use translator_socialrating1.png>
Package pdftex.def Info: translator_socialrating1.png  used on input line 479.
(pdftex.def)             Requested size: 460.93153pt x 288.07506pt.
 [33

 <./translator_socialrating0.png> <./translator_socialrating1.png>]
<translator_socialrating2.png, id=323, 1284.8pt x 803.0pt>
File: translator_socialrating2.png Graphic file (type png)
<use translator_socialrating2.png>
Package pdftex.def Info: translator_socialrating2.png  used on input line 487.
(pdftex.def)             Requested size: 460.93153pt x 288.07506pt.
<translator_socialrating3.png, id=324, 1284.8pt x 803.0pt>
File: translator_socialrating3.png Graphic file (type png)
<use translator_socialrating3.png>
Package pdftex.def Info: translator_socialrating3.png  used on input line 493.
(pdftex.def)             Requested size: 460.93153pt x 288.07506pt.
 [34

 <./translator_socialrating2.png> <./translator_socialrating3.png>]
<translator_socialrating4.png, id=331, 1284.8pt x 803.0pt>
File: translator_socialrating4.png Graphic file (type png)
<use translator_socialrating4.png>
Package pdftex.def Info: translator_socialrating4.png  used on input line 501.
(pdftex.def)             Requested size: 460.93153pt x 288.07506pt.
<translator_socialrating5.png, id=332, 1284.8pt x 803.0pt>
File: translator_socialrating5.png Graphic file (type png)
<use translator_socialrating5.png>
Package pdftex.def Info: translator_socialrating5.png  used on input line 507.
(pdftex.def)             Requested size: 460.93153pt x 288.07506pt.
 [35

 <./translator_socialrating4.png> <./translator_socialrating5.png>]
<translator_socialrating6.png, id=339, 1284.8pt x 803.0pt>
File: translator_socialrating6.png Graphic file (type png)
<use translator_socialrating6.png>
Package pdftex.def Info: translator_socialrating6.png  used on input line 515.
(pdftex.def)             Requested size: 460.93153pt x 288.07506pt.
<translator_socialrating7.png, id=340, 1284.8pt x 803.0pt>
File: translator_socialrating7.png Graphic file (type png)
<use translator_socialrating7.png>
Package pdftex.def Info: translator_socialrating7.png  used on input line 521.
(pdftex.def)             Requested size: 460.93153pt x 288.07506pt.
 [36

 <./translator_socialrating6.png> <./translator_socialrating7.png>]
<translator_socialrating8.png, id=347, 1284.8pt x 803.0pt>
File: translator_socialrating8.png Graphic file (type png)
<use translator_socialrating8.png>
Package pdftex.def Info: translator_socialrating8.png  used on input line 529.
(pdftex.def)             Requested size: 460.93153pt x 288.07506pt.
<translator_socialrating9.png, id=348, 1284.8pt x 803.0pt>
File: translator_socialrating9.png Graphic file (type png)
<use translator_socialrating9.png>
Package pdftex.def Info: translator_socialrating9.png  used on input line 535.
(pdftex.def)             Requested size: 460.93153pt x 288.07506pt.

[37

 <./translator_socialrating8.png> <./translator_socialrating9.png>]
Package atveryend Info: Empty hook `BeforeClearDocument' on input line 544.
 [38

]
Package atveryend Info: Empty hook `AfterLastShipout' on input line 544.

(./userguide.aux)
Package atveryend Info: Executing hook `AtVeryEndDocument' on input line 544.
Package atveryend Info: Executing hook `AtEndAfterFileList' on input line 544.
Package rerunfilecheck Info: File `userguide.out' has not changed.
(rerunfilecheck)             Checksum: 77DD840D07896072438767C637BAE259;1313.
Package atveryend Info: Empty hook `AtVeryVeryEnd' on input line 544.
 ) 
Here is how much of TeX's memory you used:
 11641 strings out of 494091
 168118 string characters out of 6163523
 239741 words of memory out of 5000000
 15116 multiletter control sequences out of 15000+600000
 10019 words of font info for 35 fonts, out of 8000000 for 9000
 319 hyphenation exceptions out of 8191
 28i,11n,43p,242b,342s stack positions out of 5000i,500n,10000p,200000b,80000s
 </Users/filippo/Library/texlive/2018basic/texmf-var/fonts/pk/ljfour/jknappen
/ec/tcrm1095.600pk></usr/local/texlive/2018basic/texmf-dist/fonts/type1/public/
amsfonts/cm/cmbx10.pfb></usr/local/texlive/2018basic/texmf-dist/fonts/type1/pub
lic/amsfonts/cm/cmbx12.pfb></usr/local/texlive/2018basic/texmf-dist/fonts/type1
/public/amsfonts/cm/cmr10.pfb></usr/local/texlive/2018basic/texmf-dist/fonts/ty
pe1/public/amsfonts/cm/cmr12.pfb></usr/local/texlive/2018basic/texmf-dist/fonts
/type1/public/amsfonts/cm/cmr17.pfb></usr/local/texlive/2018basic/texmf-dist/fo
nts/type1/public/amsfonts/cm/cmsl10.pfb></usr/local/texlive/2018basic/texmf-dis
t/fonts/type1/public/amsfonts/cm/cmti10.pfb></usr/local/texlive/2018basic/texmf
-dist/fonts/type1/public/amsfonts/cm/cmtt10.pfb>
Output written on userguide.pdf (38 pages, 7219038 bytes).
PDF statistics:
 409 PDF objects out of 1000 (max. 8388607)
 229 compressed objects within 3 object streams
 51 named destinations out of 1000 (max. 500000)
 409 words of extra memory for PDF output out of 10000 (max. 10000000)

