This is pdfTeX, Version 3.14159265-2.6-1.40.19 (TeX Live 2018) (preloaded format=pdflatex 2018.7.22)  22 AUG 2018 18:04
entering extended mode
 restricted \write18 enabled.
 %&-line parsing enabled.
**userguide_agency.tex
(./userguide_agency.tex
LaTeX2e <2018-04-01> patch level 2
Babel <3.18> and hyphenation patterns for 22 language(s) loaded.
(/usr/local/texlive/2018basic/texmf-dist/tex/latex/base/article.cls
Document Class: article 2014/09/29 v1.4h Standard LaTeX document class
(/usr/local/texlive/2018basic/texmf-dist/tex/latex/base/size11.clo
File: size11.clo 2014/09/29 v1.4h Standard LaTeX file (size option)
)
\c@part=\count80
\c@section=\count81
\c@subsection=\count82
\c@subsubsection=\count83
\c@paragraph=\count84
\c@subparagraph=\count85
\c@figure=\count86
\c@table=\count87
\abovecaptionskip=\skip41
\belowcaptionskip=\skip42
\bibindent=\dimen102
)
(/usr/local/texlive/2018basic/texmf-dist/tex/latex/base/inputenc.sty
Package: inputenc 2018/04/06 v1.3b Input encoding file
\inpenc@prehook=\toks14
\inpenc@posthook=\toks15
)
(/usr/local/texlive/2018basic/texmf-dist/tex/generic/babel/babel.sty
Package: babel 2018/02/14 3.18 The Babel package

(/usr/local/texlive/2018basic/texmf-dist/tex/generic/babel/switch.def
File: switch.def 2018/02/14 3.18 Babel switching mechanism
)
(/usr/local/texlive/2018basic/texmf-dist/tex/generic/babel-english/english.ldf
Language: english 2017/06/06 v3.3r English support from the babel system

(/usr/local/texlive/2018basic/texmf-dist/tex/generic/babel/babel.def
File: babel.def 2018/02/14 3.18 Babel common definitions
\babel@savecnt=\count88
\U@D=\dimen103

(/usr/local/texlive/2018basic/texmf-dist/tex/generic/babel/txtbabel.def)
\bbl@dirlevel=\count89
)
\l@canadian = a dialect from \language\l@american 
\l@australian = a dialect from \language\l@british 
\l@newzealand = a dialect from \language\l@british 
))
(/usr/local/texlive/2018basic/texmf-dist/tex/latex/base/textcomp.sty
Package: textcomp 2017/04/05 v2.0i Standard LaTeX package
Package textcomp Info: Sub-encoding information:
(textcomp)               5 = only ISO-Adobe without \textcurrency
(textcomp)               4 = 5 + \texteuro
(textcomp)               3 = 4 + \textohm
(textcomp)               2 = 3 + \textestimated + \textcurrency
(textcomp)               1 = TS1 - \textcircled - \t
(textcomp)               0 = TS1 (full)
(textcomp)             Font families with sub-encoding setting implement
(textcomp)             only a restricted character set as indicated.
(textcomp)             Family '?' is the default used for unknown fonts.
(textcomp)             See the documentation for details.
Package textcomp Info: Setting ? sub-encoding to TS1/1 on input line 79.

(/usr/local/texlive/2018basic/texmf-dist/tex/latex/base/ts1enc.def
File: ts1enc.def 2001/06/05 v3.0e (jk/car/fm) Standard LaTeX file
Now handling font encoding TS1 ...
... processing UTF-8 mapping file for font encoding TS1

(/usr/local/texlive/2018basic/texmf-dist/tex/latex/base/ts1enc.dfu
File: ts1enc.dfu 2018/04/05 v1.2c UTF-8 support for inputenc
   defining Unicode char U+00A2 (decimal 162)
   defining Unicode char U+00A3 (decimal 163)
   defining Unicode char U+00A4 (decimal 164)
   defining Unicode char U+00A5 (decimal 165)
   defining Unicode char U+00A6 (decimal 166)
   defining Unicode char U+00A7 (decimal 167)
   defining Unicode char U+00A8 (decimal 168)
   defining Unicode char U+00A9 (decimal 169)
   defining Unicode char U+00AA (decimal 170)
   defining Unicode char U+00AC (decimal 172)
   defining Unicode char U+00AE (decimal 174)
   defining Unicode char U+00AF (decimal 175)
   defining Unicode char U+00B0 (decimal 176)
   defining Unicode char U+00B1 (decimal 177)
   defining Unicode char U+00B2 (decimal 178)
   defining Unicode char U+00B3 (decimal 179)
   defining Unicode char U+00B4 (decimal 180)
   defining Unicode char U+00B5 (decimal 181)
   defining Unicode char U+00B6 (decimal 182)
   defining Unicode char U+00B7 (decimal 183)
   defining Unicode char U+00B9 (decimal 185)
   defining Unicode char U+00BA (decimal 186)
   defining Unicode char U+00BC (decimal 188)
   defining Unicode char U+00BD (decimal 189)
   defining Unicode char U+00BE (decimal 190)
   defining Unicode char U+00D7 (decimal 215)
   defining Unicode char U+00F7 (decimal 247)
   defining Unicode char U+0192 (decimal 402)
   defining Unicode char U+02C7 (decimal 711)
   defining Unicode char U+02D8 (decimal 728)
   defining Unicode char U+02DD (decimal 733)
   defining Unicode char U+0E3F (decimal 3647)
   defining Unicode char U+2016 (decimal 8214)
   defining Unicode char U+2020 (decimal 8224)
   defining Unicode char U+2021 (decimal 8225)
   defining Unicode char U+2022 (decimal 8226)
   defining Unicode char U+2030 (decimal 8240)
   defining Unicode char U+2031 (decimal 8241)
   defining Unicode char U+203B (decimal 8251)
   defining Unicode char U+203D (decimal 8253)
   defining Unicode char U+2044 (decimal 8260)
   defining Unicode char U+204E (decimal 8270)
   defining Unicode char U+2052 (decimal 8274)
   defining Unicode char U+20A1 (decimal 8353)
   defining Unicode char U+20A4 (decimal 8356)
   defining Unicode char U+20A6 (decimal 8358)
   defining Unicode char U+20A9 (decimal 8361)
   defining Unicode char U+20AB (decimal 8363)
   defining Unicode char U+20AC (decimal 8364)
   defining Unicode char U+20B1 (decimal 8369)
   defining Unicode char U+2103 (decimal 8451)
   defining Unicode char U+2116 (decimal 8470)
   defining Unicode char U+2117 (decimal 8471)
   defining Unicode char U+211E (decimal 8478)
   defining Unicode char U+2120 (decimal 8480)
   defining Unicode char U+2122 (decimal 8482)
   defining Unicode char U+2126 (decimal 8486)
   defining Unicode char U+2127 (decimal 8487)
   defining Unicode char U+212E (decimal 8494)
   defining Unicode char U+2190 (decimal 8592)
   defining Unicode char U+2191 (decimal 8593)
   defining Unicode char U+2192 (decimal 8594)
   defining Unicode char U+2193 (decimal 8595)
   defining Unicode char U+2329 (decimal 9001)
   defining Unicode char U+232A (decimal 9002)
   defining Unicode char U+2422 (decimal 9250)
   defining Unicode char U+25E6 (decimal 9702)
   defining Unicode char U+25EF (decimal 9711)
   defining Unicode char U+266A (decimal 9834)
   defining Unicode char U+FEFF (decimal 65279)
))
LaTeX Info: Redefining \oldstylenums on input line 334.
Package textcomp Info: Setting cmr sub-encoding to TS1/0 on input line 349.
Package textcomp Info: Setting cmss sub-encoding to TS1/0 on input line 350.
Package textcomp Info: Setting cmtt sub-encoding to TS1/0 on input line 351.
Package textcomp Info: Setting cmvtt sub-encoding to TS1/0 on input line 352.
Package textcomp Info: Setting cmbr sub-encoding to TS1/0 on input line 353.
Package textcomp Info: Setting cmtl sub-encoding to TS1/0 on input line 354.
Package textcomp Info: Setting ccr sub-encoding to TS1/0 on input line 355.
Package textcomp Info: Setting ptm sub-encoding to TS1/4 on input line 356.
Package textcomp Info: Setting pcr sub-encoding to TS1/4 on input line 357.
Package textcomp Info: Setting phv sub-encoding to TS1/4 on input line 358.
Package textcomp Info: Setting ppl sub-encoding to TS1/3 on input line 359.
Package textcomp Info: Setting pag sub-encoding to TS1/4 on input line 360.
Package textcomp Info: Setting pbk sub-encoding to TS1/4 on input line 361.
Package textcomp Info: Setting pnc sub-encoding to TS1/4 on input line 362.
Package textcomp Info: Setting pzc sub-encoding to TS1/4 on input line 363.
Package textcomp Info: Setting bch sub-encoding to TS1/4 on input line 364.
Package textcomp Info: Setting put sub-encoding to TS1/5 on input line 365.
Package textcomp Info: Setting uag sub-encoding to TS1/5 on input line 366.
Package textcomp Info: Setting ugq sub-encoding to TS1/5 on input line 367.
Package textcomp Info: Setting ul8 sub-encoding to TS1/4 on input line 368.
Package textcomp Info: Setting ul9 sub-encoding to TS1/4 on input line 369.
Package textcomp Info: Setting augie sub-encoding to TS1/5 on input line 370.
Package textcomp Info: Setting dayrom sub-encoding to TS1/3 on input line 371.
Package textcomp Info: Setting dayroms sub-encoding to TS1/3 on input line 372.

Package textcomp Info: Setting pxr sub-encoding to TS1/0 on input line 373.
Package textcomp Info: Setting pxss sub-encoding to TS1/0 on input line 374.
Package textcomp Info: Setting pxtt sub-encoding to TS1/0 on input line 375.
Package textcomp Info: Setting txr sub-encoding to TS1/0 on input line 376.
Package textcomp Info: Setting txss sub-encoding to TS1/0 on input line 377.
Package textcomp Info: Setting txtt sub-encoding to TS1/0 on input line 378.
Package textcomp Info: Setting lmr sub-encoding to TS1/0 on input line 379.
Package textcomp Info: Setting lmdh sub-encoding to TS1/0 on input line 380.
Package textcomp Info: Setting lmss sub-encoding to TS1/0 on input line 381.
Package textcomp Info: Setting lmssq sub-encoding to TS1/0 on input line 382.
Package textcomp Info: Setting lmvtt sub-encoding to TS1/0 on input line 383.
Package textcomp Info: Setting lmtt sub-encoding to TS1/0 on input line 384.
Package textcomp Info: Setting qhv sub-encoding to TS1/0 on input line 385.
Package textcomp Info: Setting qag sub-encoding to TS1/0 on input line 386.
Package textcomp Info: Setting qbk sub-encoding to TS1/0 on input line 387.
Package textcomp Info: Setting qcr sub-encoding to TS1/0 on input line 388.
Package textcomp Info: Setting qcs sub-encoding to TS1/0 on input line 389.
Package textcomp Info: Setting qpl sub-encoding to TS1/0 on input line 390.
Package textcomp Info: Setting qtm sub-encoding to TS1/0 on input line 391.
Package textcomp Info: Setting qzc sub-encoding to TS1/0 on input line 392.
Package textcomp Info: Setting qhvc sub-encoding to TS1/0 on input line 393.
Package textcomp Info: Setting futs sub-encoding to TS1/4 on input line 394.
Package textcomp Info: Setting futx sub-encoding to TS1/4 on input line 395.
Package textcomp Info: Setting futj sub-encoding to TS1/4 on input line 396.
Package textcomp Info: Setting hlh sub-encoding to TS1/3 on input line 397.
Package textcomp Info: Setting hls sub-encoding to TS1/3 on input line 398.
Package textcomp Info: Setting hlst sub-encoding to TS1/3 on input line 399.
Package textcomp Info: Setting hlct sub-encoding to TS1/5 on input line 400.
Package textcomp Info: Setting hlx sub-encoding to TS1/5 on input line 401.
Package textcomp Info: Setting hlce sub-encoding to TS1/5 on input line 402.
Package textcomp Info: Setting hlcn sub-encoding to TS1/5 on input line 403.
Package textcomp Info: Setting hlcw sub-encoding to TS1/5 on input line 404.
Package textcomp Info: Setting hlcf sub-encoding to TS1/5 on input line 405.
Package textcomp Info: Setting pplx sub-encoding to TS1/3 on input line 406.
Package textcomp Info: Setting pplj sub-encoding to TS1/3 on input line 407.
Package textcomp Info: Setting ptmx sub-encoding to TS1/4 on input line 408.
Package textcomp Info: Setting ptmj sub-encoding to TS1/4 on input line 409.
)
(/usr/local/texlive/2018basic/texmf-dist/tex/latex/geometry/geometry.sty
Package: geometry 2018/03/24 v5.7 Page Geometry

(/usr/local/texlive/2018basic/texmf-dist/tex/latex/graphics/keyval.sty
Package: keyval 2014/10/28 v1.15 key=value parser (DPC)
\KV@toks@=\toks16
)
(/usr/local/texlive/2018basic/texmf-dist/tex/generic/oberdiek/ifpdf.sty
Package: ifpdf 2017/03/15 v3.2 Provides the ifpdf switch
)
(/usr/local/texlive/2018basic/texmf-dist/tex/generic/oberdiek/ifvtex.sty
Package: ifvtex 2016/05/16 v1.6 Detect VTeX and its facilities (HO)
Package ifvtex Info: VTeX not detected.
)
(/usr/local/texlive/2018basic/texmf-dist/tex/generic/ifxetex/ifxetex.sty
Package: ifxetex 2010/09/12 v0.6 Provides ifxetex conditional
)
\Gm@cnth=\count90
\Gm@cntv=\count91
\c@Gm@tempcnt=\count92
\Gm@bindingoffset=\dimen104
\Gm@wd@mp=\dimen105
\Gm@odd@mp=\dimen106
\Gm@even@mp=\dimen107
\Gm@layoutwidth=\dimen108
\Gm@layoutheight=\dimen109
\Gm@layouthoffset=\dimen110
\Gm@layoutvoffset=\dimen111
\Gm@dimlist=\toks17
)
(/usr/local/texlive/2018basic/texmf-dist/tex/latex/graphics/graphicx.sty
Package: graphicx 2017/06/01 v1.1a Enhanced LaTeX Graphics (DPC,SPQR)

(/usr/local/texlive/2018basic/texmf-dist/tex/latex/graphics/graphics.sty
Package: graphics 2017/06/25 v1.2c Standard LaTeX Graphics (DPC,SPQR)

(/usr/local/texlive/2018basic/texmf-dist/tex/latex/graphics/trig.sty
Package: trig 2016/01/03 v1.10 sin cos tan (DPC)
)
(/usr/local/texlive/2018basic/texmf-dist/tex/latex/graphics-cfg/graphics.cfg
File: graphics.cfg 2016/06/04 v1.11 sample graphics configuration
)
Package graphics Info: Driver file: pdftex.def on input line 99.

(/usr/local/texlive/2018basic/texmf-dist/tex/latex/graphics-def/pdftex.def
File: pdftex.def 2018/01/08 v1.0l Graphics/color driver for pdftex
))
\Gin@req@height=\dimen112
\Gin@req@width=\dimen113
)
(/usr/local/texlive/2018basic/texmf-dist/tex/latex/float/float.sty
Package: float 2001/11/08 v1.3d Float enhancements (AL)
\c@float@type=\count93
\float@exts=\toks18
\float@box=\box26
\@float@everytoks=\toks19
\@floatcapt=\box27
)
(/usr/local/texlive/2018basic/texmf-dist/tex/latex/listings/listings.sty
\lst@mode=\count94
\lst@gtempboxa=\box28
\lst@token=\toks20
\lst@length=\count95
\lst@currlwidth=\dimen114
\lst@column=\count96
\lst@pos=\count97
\lst@lostspace=\dimen115
\lst@width=\dimen116
\lst@newlines=\count98
\lst@lineno=\count99
\lst@maxwidth=\dimen117

(/usr/local/texlive/2018basic/texmf-dist/tex/latex/listings/lstmisc.sty
File: lstmisc.sty 2015/06/04 1.6 (Carsten Heinz)
\c@lstnumber=\count100
\lst@skipnumbers=\count101
\lst@framebox=\box29
)
(/usr/local/texlive/2018basic/texmf-dist/tex/latex/listings/listings.cfg
File: listings.cfg 2015/06/04 1.6 listings configuration
))
Package: listings 2015/06/04 1.6 (Carsten Heinz)

(/usr/local/texlive/2018basic/texmf-dist/tex/latex/graphics/color.sty
Package: color 2016/07/10 v1.1e Standard LaTeX Color (DPC)

(/usr/local/texlive/2018basic/texmf-dist/tex/latex/graphics-cfg/color.cfg
File: color.cfg 2016/01/02 v1.6 sample color configuration
)
Package color Info: Driver file: pdftex.def on input line 147.
)
(/usr/local/texlive/2018basic/texmf-dist/tex/latex/fancyhdr/fancyhdr.sty
Package: fancyhdr 2017/06/30 v3.9a Extensive control of page headers and footer
s
\f@nch@headwidth=\skip43
\f@nch@O@elh=\skip44
\f@nch@O@erh=\skip45
\f@nch@O@olh=\skip46
\f@nch@O@orh=\skip47
\f@nch@O@elf=\skip48
\f@nch@O@erf=\skip49
\f@nch@O@olf=\skip50
\f@nch@O@orf=\skip51
)
(/usr/local/texlive/2018basic/texmf-dist/tex/latex/hyperref/hyperref.sty
Package: hyperref 2018/02/06 v6.86b Hypertext links for LaTeX

(/usr/local/texlive/2018basic/texmf-dist/tex/generic/oberdiek/hobsub-hyperref.s
ty
Package: hobsub-hyperref 2016/05/16 v1.14 Bundle oberdiek, subset hyperref (HO)


(/usr/local/texlive/2018basic/texmf-dist/tex/generic/oberdiek/hobsub-generic.st
y
Package: hobsub-generic 2016/05/16 v1.14 Bundle oberdiek, subset generic (HO)
Package: hobsub 2016/05/16 v1.14 Construct package bundles (HO)
Package: infwarerr 2016/05/16 v1.4 Providing info/warning/error messages (HO)
Package: ltxcmds 2016/05/16 v1.23 LaTeX kernel commands for general use (HO)
Package: ifluatex 2016/05/16 v1.4 Provides the ifluatex switch (HO)
Package ifluatex Info: LuaTeX not detected.
Package hobsub Info: Skipping package `ifvtex' (already loaded).
Package: intcalc 2016/05/16 v1.2 Expandable calculations with integers (HO)
Package hobsub Info: Skipping package `ifpdf' (already loaded).
Package: etexcmds 2016/05/16 v1.6 Avoid name clashes with e-TeX commands (HO)
Package etexcmds Info: Could not find \expanded.
(etexcmds)             That can mean that you are not using pdfTeX 1.50 or
(etexcmds)             that some package has redefined \expanded.
(etexcmds)             In the latter case, load this package earlier.
Package: kvsetkeys 2016/05/16 v1.17 Key value parser (HO)
Package: kvdefinekeys 2016/05/16 v1.4 Define keys (HO)
Package: pdftexcmds 2018/01/30 v0.27 Utility functions of pdfTeX for LuaTeX (HO
)
Package pdftexcmds Info: LuaTeX not detected.
Package pdftexcmds Info: \pdf@primitive is available.
Package pdftexcmds Info: \pdf@ifprimitive is available.
Package pdftexcmds Info: \pdfdraftmode found.
Package: pdfescape 2016/05/16 v1.14 Implements pdfTeX's escape features (HO)
Package: bigintcalc 2016/05/16 v1.4 Expandable calculations on big integers (HO
)
Package: bitset 2016/05/16 v1.2 Handle bit-vector datatype (HO)
Package: uniquecounter 2016/05/16 v1.3 Provide unlimited unique counter (HO)
)
Package hobsub Info: Skipping package `hobsub' (already loaded).
Package: letltxmacro 2016/05/16 v1.5 Let assignment for LaTeX macros (HO)
Package: hopatch 2016/05/16 v1.3 Wrapper for package hooks (HO)
Package: xcolor-patch 2016/05/16 xcolor patch
Package: atveryend 2016/05/16 v1.9 Hooks at the very end of document (HO)
Package atveryend Info: \enddocument detected (standard20110627).
Package: atbegshi 2016/06/09 v1.18 At begin shipout hook (HO)
Package: refcount 2016/05/16 v3.5 Data extraction from label references (HO)
Package: hycolor 2016/05/16 v1.8 Color options for hyperref/bookmark (HO)
) (/usr/local/texlive/2018basic/texmf-dist/tex/latex/oberdiek/auxhook.sty
Package: auxhook 2016/05/16 v1.4 Hooks for auxiliary files (HO)
)
(/usr/local/texlive/2018basic/texmf-dist/tex/latex/oberdiek/kvoptions.sty
Package: kvoptions 2016/05/16 v3.12 Key value format for package options (HO)
)
\@linkdim=\dimen118
\Hy@linkcounter=\count102
\Hy@pagecounter=\count103

(/usr/local/texlive/2018basic/texmf-dist/tex/latex/hyperref/pd1enc.def
File: pd1enc.def 2018/02/06 v6.86b Hyperref: PDFDocEncoding definition (HO)
Now handling font encoding PD1 ...
... no UTF-8 mapping file for font encoding PD1
)
\Hy@SavedSpaceFactor=\count104

(/usr/local/texlive/2018basic/texmf-dist/tex/latex/latexconfig/hyperref.cfg
File: hyperref.cfg 2002/06/06 v1.2 hyperref configuration of TeXLive
)
Package hyperref Info: Option `unicode' set `true' on input line 4383.

(/usr/local/texlive/2018basic/texmf-dist/tex/latex/hyperref/puenc.def
File: puenc.def 2018/02/06 v6.86b Hyperref: PDF Unicode definition (HO)
Now handling font encoding PU ...
... no UTF-8 mapping file for font encoding PU
)
Package hyperref Info: Hyper figures OFF on input line 4509.
Package hyperref Info: Link nesting OFF on input line 4514.
Package hyperref Info: Hyper index ON on input line 4517.
Package hyperref Info: Plain pages OFF on input line 4524.
Package hyperref Info: Backreferencing OFF on input line 4529.
Package hyperref Info: Implicit mode ON; LaTeX internals redefined.
Package hyperref Info: Bookmarks ON on input line 4762.
\c@Hy@tempcnt=\count105

(/usr/local/texlive/2018basic/texmf-dist/tex/latex/url/url.sty
\Urlmuskip=\muskip10
Package: url 2013/09/16  ver 3.4  Verb mode for urls, etc.
)
LaTeX Info: Redefining \url on input line 5115.
\XeTeXLinkMargin=\dimen119
\Fld@menulength=\count106
\Field@Width=\dimen120
\Fld@charsize=\dimen121
Package hyperref Info: Hyper figures OFF on input line 6369.
Package hyperref Info: Link nesting OFF on input line 6374.
Package hyperref Info: Hyper index ON on input line 6377.
Package hyperref Info: backreferencing OFF on input line 6384.
Package hyperref Info: Link coloring OFF on input line 6389.
Package hyperref Info: Link coloring with OCG OFF on input line 6394.
Package hyperref Info: PDF/A mode OFF on input line 6399.
LaTeX Info: Redefining \ref on input line 6439.
LaTeX Info: Redefining \pageref on input line 6443.
\Hy@abspage=\count107
\c@Item=\count108
\c@Hfootnote=\count109
)
Package hyperref Info: Driver (autodetected): hpdftex.

(/usr/local/texlive/2018basic/texmf-dist/tex/latex/hyperref/hpdftex.def
File: hpdftex.def 2018/02/06 v6.86b Hyperref driver for pdfTeX
\Fld@listcount=\count110
\c@bookmark@seq@number=\count111

(/usr/local/texlive/2018basic/texmf-dist/tex/latex/oberdiek/rerunfilecheck.sty
Package: rerunfilecheck 2016/05/16 v1.8 Rerun checks for auxiliary files (HO)
Package uniquecounter Info: New unique counter `rerunfilecheck' on input line 2
82.
)
\Hy@SectionHShift=\skip52
)
Package hyperref Info: Option `breaklinks' set `true' on input line 26.
Package hyperref Info: Option `colorlinks' set `true' on input line 26.
 (./userguide_agency.aux)
\openout1 = `userguide_agency.aux'.

LaTeX Font Info:    Checking defaults for OML/cmm/m/it on input line 39.
LaTeX Font Info:    ... okay on input line 39.
LaTeX Font Info:    Checking defaults for T1/cmr/m/n on input line 39.
LaTeX Font Info:    ... okay on input line 39.
LaTeX Font Info:    Checking defaults for OT1/cmr/m/n on input line 39.
LaTeX Font Info:    ... okay on input line 39.
LaTeX Font Info:    Checking defaults for OMS/cmsy/m/n on input line 39.
LaTeX Font Info:    ... okay on input line 39.
LaTeX Font Info:    Checking defaults for OMX/cmex/m/n on input line 39.
LaTeX Font Info:    ... okay on input line 39.
LaTeX Font Info:    Checking defaults for U/cmr/m/n on input line 39.
LaTeX Font Info:    ... okay on input line 39.
LaTeX Font Info:    Checking defaults for TS1/cmr/m/n on input line 39.
LaTeX Font Info:    Try loading font information for TS1+cmr on input line 39.

(/usr/local/texlive/2018basic/texmf-dist/tex/latex/base/ts1cmr.fd
File: ts1cmr.fd 2014/09/29 v2.5h Standard LaTeX font definitions
)
LaTeX Font Info:    ... okay on input line 39.
LaTeX Font Info:    Checking defaults for PD1/pdf/m/n on input line 39.
LaTeX Font Info:    ... okay on input line 39.
LaTeX Font Info:    Checking defaults for PU/pdf/m/n on input line 39.
LaTeX Font Info:    ... okay on input line 39.

*geometry* driver: auto-detecting
*geometry* detected driver: pdftex
*geometry* verbose mode - [ preamble ] result:
* driver: pdftex
* paper: a4paper
* layout: <same size as paper>
* layoutoffset:(h,v)=(0.0pt,0.0pt)
* hratio: 1:1
* vratio: 1:1
* modes: 
* h-part:(L,W,R)=(42.67912pt, 512.14963pt, 42.67912pt)
* v-part:(T,H,B)=(42.67912pt, 731.23584pt, 71.13188pt)
* \paperwidth=597.50787pt
* \paperheight=845.04684pt
* \textwidth=512.14963pt
* \textheight=731.23584pt
* \oddsidemargin=-29.59087pt
* \evensidemargin=-29.59087pt
* \topmargin=-66.59087pt
* \headheight=12.0pt
* \headsep=25.0pt
* \topskip=11.0pt
* \footskip=30.0pt
* \marginparwidth=50.0pt
* \marginparsep=10.0pt
* \columnsep=10.0pt
* \skip\footins=10.0pt plus 4.0pt minus 2.0pt
* \hoffset=0.0pt
* \voffset=0.0pt
* \mag=1000
* \@twocolumnfalse
* \@twosidefalse
* \@mparswitchfalse
* \@reversemarginfalse
* (1in=72.27pt=25.4mm, 1cm=28.453pt)

(/usr/local/texlive/2018basic/texmf-dist/tex/context/base/mkii/supp-pdf.mkii
[Loading MPS to PDF converter (version 2006.09.02).]
\scratchcounter=\count112
\scratchdimen=\dimen122
\scratchbox=\box30
\nofMPsegments=\count113
\nofMParguments=\count114
\everyMPshowfont=\toks21
\MPscratchCnt=\count115
\MPscratchDim=\dimen123
\MPnumerator=\count116
\makeMPintoPDFobject=\count117
\everyMPtoPDFconversion=\toks22
) (/usr/local/texlive/2018basic/texmf-dist/tex/latex/oberdiek/epstopdf-base.sty
Package: epstopdf-base 2016/05/15 v2.6 Base part for package epstopdf
(/usr/local/texlive/2018basic/texmf-dist/tex/latex/oberdiek/grfext.sty
Package: grfext 2016/05/16 v1.2 Manage graphics extensions (HO)
)
Package epstopdf-base Info: Redefining graphics rule for `.eps' on input line 4
38.
Package grfext Info: Graphics extension search list:
(grfext)             [.pdf,.png,.jpg,.mps,.jpeg,.jbig2,.jb2,.PDF,.PNG,.JPG,.JPE
G,.JBIG2,.JB2,.eps]
(grfext)             \AppendGraphicsExtensions on input line 456.

(/usr/local/texlive/2018basic/texmf-dist/tex/latex/latexconfig/epstopdf-sys.cfg
File: epstopdf-sys.cfg 2010/07/13 v1.3 Configuration of (r)epstopdf for TeX Liv
e
))
\c@lstlisting=\count118
\AtBeginShipoutBox=\box31
Package hyperref Info: Link coloring ON on input line 39.
 (/usr/local/texlive/2018basic/texmf-dist/tex/latex/hyperref/nameref.sty
Package: nameref 2016/05/21 v2.44 Cross-referencing by name of section

(/usr/local/texlive/2018basic/texmf-dist/tex/generic/oberdiek/gettitlestring.st
y
Package: gettitlestring 2016/05/16 v1.5 Cleanup title references (HO)
)
\c@section@level=\count119
)
LaTeX Info: Redefining \ref on input line 39.
LaTeX Info: Redefining \pageref on input line 39.
LaTeX Info: Redefining \nameref on input line 39.
 (./userguide_agency.out) (./userguide_agency.out)
\@outlinefile=\write3
\openout3 = `userguide_agency.out'.

LaTeX Font Info:    External font `cmex10' loaded for size
(Font)              <12> on input line 41.
LaTeX Font Info:    External font `cmex10' loaded for size
(Font)              <8> on input line 41.
LaTeX Font Info:    External font `cmex10' loaded for size
(Font)              <6> on input line 41.
<home.png, id=40, 1284.8pt x 803.0pt>
File: home.png Graphic file (type png)
<use home.png>
Package pdftex.def Info: home.png  used on input line 43.
(pdftex.def)             Requested size: 460.93153pt x 288.07506pt.
 [1

{/usr/local/texlive/2018basic/texmf-var/fonts/map/pdftex/updmap/pdftex.map} <./
home.png>]
(./userguide_agency.toc
LaTeX Font Info:    External font `cmex10' loaded for size
(Font)              <10.95> on input line 6.
)
\tf@toc=\write4
\openout4 = `userguide_agency.toc'.

 [2]
<agency_registration0.png, id=67, 1284.8pt x 803.0pt>
File: agency_registration0.png Graphic file (type png)
<use agency_registration0.png>
Package pdftex.def Info: agency_registration0.png  used on input line 55.
(pdftex.def)             Requested size: 460.93153pt x 288.07506pt.
<agency_registration1.png, id=68, 1284.8pt x 803.0pt>
File: agency_registration1.png Graphic file (type png)
<use agency_registration1.png>
Package pdftex.def Info: agency_registration1.png  used on input line 61.
(pdftex.def)             Requested size: 460.93153pt x 288.07506pt.


Package Fancyhdr Warning: \headheight is too small (12.0pt): 
 Make it at least 13.59999pt.
 We now make it that large for the rest of the document.
 This may cause the page layout to be inconsistent, however.

[3

 <./agency_registration0.png> <./agency_registration1.png>]
<agency_registration2.png, id=77, 1284.8pt x 803.0pt>
File: agency_registration2.png Graphic file (type png)
<use agency_registration2.png>
Package pdftex.def Info: agency_registration2.png  used on input line 68.
(pdftex.def)             Requested size: 460.93153pt x 288.07506pt.
<agency_registration3.png, id=78, 1284.8pt x 803.0pt>
File: agency_registration3.png Graphic file (type png)
<use agency_registration3.png>
Package pdftex.def Info: agency_registration3.png  used on input line 74.
(pdftex.def)             Requested size: 460.93153pt x 288.07506pt.
 [4

 <./agency_registration2.png> <./agency_registration3.png>]
<agency_registration4.png, id=85, 1284.8pt x 803.0pt>
File: agency_registration4.png Graphic file (type png)
<use agency_registration4.png>
Package pdftex.def Info: agency_registration4.png  used on input line 81.
(pdftex.def)             Requested size: 460.93153pt x 288.07506pt.
<agency_registration5.png, id=86, 1284.8pt x 803.0pt>
File: agency_registration5.png Graphic file (type png)
<use agency_registration5.png>
Package pdftex.def Info: agency_registration5.png  used on input line 87.
(pdftex.def)             Requested size: 460.93153pt x 288.07506pt.
 [5

 <./agency_registration4.png> <./agency_registration5.png>]
<agency_registration6.png, id=93, 1284.8pt x 803.0pt>
File: agency_registration6.png Graphic file (type png)
<use agency_registration6.png>
Package pdftex.def Info: agency_registration6.png  used on input line 94.
(pdftex.def)             Requested size: 460.93153pt x 288.07506pt.
<agency_registration7.png, id=94, 1284.8pt x 803.0pt>
File: agency_registration7.png Graphic file (type png)
<use agency_registration7.png>
Package pdftex.def Info: agency_registration7.png  used on input line 100.
(pdftex.def)             Requested size: 460.93153pt x 288.07506pt.
 [6

 <./agency_registration6.png> <./agency_registration7.png>]
<agency_registration8.png, id=101, 1284.8pt x 803.0pt>
File: agency_registration8.png Graphic file (type png)
<use agency_registration8.png>
Package pdftex.def Info: agency_registration8.png  used on input line 107.
(pdftex.def)             Requested size: 460.93153pt x 288.07506pt.
<agency_registration9.png, id=102, 1284.8pt x 803.0pt>
File: agency_registration9.png Graphic file (type png)
<use agency_registration9.png>
Package pdftex.def Info: agency_registration9.png  used on input line 113.
(pdftex.def)             Requested size: 460.93153pt x 288.07506pt.
<agency_search0.png, id=103, 1284.8pt x 803.0pt>
File: agency_search0.png Graphic file (type png)
<use agency_search0.png>
Package pdftex.def Info: agency_search0.png  used on input line 121.
(pdftex.def)             Requested size: 460.93153pt x 288.07506pt.
 [7

 <./agency_registration8.png> <./agency_registration9.png>]
<agency_search1.png, id=111, 1284.8pt x 803.0pt>
File: agency_search1.png Graphic file (type png)
<use agency_search1.png>
Package pdftex.def Info: agency_search1.png  used on input line 127.
(pdftex.def)             Requested size: 460.93153pt x 288.07506pt.

[8 <./agency_search0.png> <./agency_search1.png>]
<agency_search2.png, id=118, 1284.8pt x 803.0pt>
File: agency_search2.png Graphic file (type png)
<use agency_search2.png>
Package pdftex.def Info: agency_search2.png  used on input line 134.
(pdftex.def)             Requested size: 460.93153pt x 288.07506pt.
<agency_search3.png, id=119, 1284.8pt x 803.0pt>
File: agency_search3.png Graphic file (type png)
<use agency_search3.png>
Package pdftex.def Info: agency_search3.png  used on input line 140.
(pdftex.def)             Requested size: 460.93153pt x 288.07506pt.
 [9

 <./agency_search2.png> <./agency_search3.png>]
<agency_search4.png, id=126, 1284.8pt x 803.0pt>
File: agency_search4.png Graphic file (type png)
<use agency_search4.png>
Package pdftex.def Info: agency_search4.png  used on input line 147.
(pdftex.def)             Requested size: 460.93153pt x 288.07506pt.
<agency_search5.png, id=127, 1284.8pt x 803.0pt>
File: agency_search5.png Graphic file (type png)
<use agency_search5.png>
Package pdftex.def Info: agency_search5.png  used on input line 153.
(pdftex.def)             Requested size: 460.93153pt x 288.07506pt.
 [10

 <./agency_search4.png> <./agency_search5.png>]
<agency_search6.png, id=134, 1284.8pt x 803.0pt>
File: agency_search6.png Graphic file (type png)
<use agency_search6.png>
Package pdftex.def Info: agency_search6.png  used on input line 160.
(pdftex.def)             Requested size: 460.93153pt x 288.07506pt.
<agency_search7.png, id=135, 1284.8pt x 803.0pt>
File: agency_search7.png Graphic file (type png)
<use agency_search7.png>
Package pdftex.def Info: agency_search7.png  used on input line 166.
(pdftex.def)             Requested size: 460.93153pt x 288.07506pt.

[11

 <./agency_search6.png> <./agency_search7.png>]
<agency_search8.png, id=142, 1284.8pt x 803.0pt>
File: agency_search8.png Graphic file (type png)
<use agency_search8.png>
Package pdftex.def Info: agency_search8.png  used on input line 173.
(pdftex.def)             Requested size: 460.93153pt x 288.07506pt.
<agency_search9.png, id=143, 1284.8pt x 803.0pt>
File: agency_search9.png Graphic file (type png)
<use agency_search9.png>
Package pdftex.def Info: agency_search9.png  used on input line 179.
(pdftex.def)             Requested size: 460.93153pt x 288.07506pt.
 [12

 <./agency_search8.png> <./agency_search9.png>]
<agency_search10.png, id=150, 1284.8pt x 803.0pt>
File: agency_search10.png Graphic file (type png)
<use agency_search10.png>
Package pdftex.def Info: agency_search10.png  used on input line 186.
(pdftex.def)             Requested size: 460.93153pt x 288.07506pt.
<agency_search11.png, id=151, 1284.8pt x 803.0pt>
File: agency_search11.png Graphic file (type png)
<use agency_search11.png>
Package pdftex.def Info: agency_search11.png  used on input line 192.
(pdftex.def)             Requested size: 460.93153pt x 288.07506pt.
 [13

 <./agency_search10.png> <./agency_search11.png>]
<agency_search12.png, id=159, 1284.8pt x 803.0pt>
File: agency_search12.png Graphic file (type png)
<use agency_search12.png>
Package pdftex.def Info: agency_search12.png  used on input line 199.
(pdftex.def)             Requested size: 460.93153pt x 288.07506pt.
<agency_search13.png, id=160, 1284.8pt x 803.0pt>
File: agency_search13.png Graphic file (type png)
<use agency_search13.png>
Package pdftex.def Info: agency_search13.png  used on input line 205.
(pdftex.def)             Requested size: 460.93153pt x 288.07506pt.

[14

 <./agency_search12.png> <./agency_search13.png>]
<agency_search14.png, id=167, 1284.8pt x 803.0pt>
File: agency_search14.png Graphic file (type png)
<use agency_search14.png>
Package pdftex.def Info: agency_search14.png  used on input line 212.
(pdftex.def)             Requested size: 460.93153pt x 288.07506pt.
<agency_search15.png, id=168, 1284.8pt x 803.0pt>
File: agency_search15.png Graphic file (type png)
<use agency_search15.png>
Package pdftex.def Info: agency_search15.png  used on input line 218.
(pdftex.def)             Requested size: 460.93153pt x 288.07506pt.
 [15

 <./agency_search14.png> <./agency_search15.png>]
<agency_search16.png, id=175, 1284.8pt x 803.0pt>
File: agency_search16.png Graphic file (type png)
<use agency_search16.png>
Package pdftex.def Info: agency_search16.png  used on input line 225.
(pdftex.def)             Requested size: 460.93153pt x 288.07506pt.
<agency_search17.png, id=176, 1284.8pt x 803.0pt>
File: agency_search17.png Graphic file (type png)
<use agency_search17.png>
Package pdftex.def Info: agency_search17.png  used on input line 231.
(pdftex.def)             Requested size: 460.93153pt x 288.07506pt.
 [16

 <./agency_search16.png> <./agency_search17.png>]
<agency_search18.png, id=183, 1284.8pt x 803.0pt>
File: agency_search18.png Graphic file (type png)
<use agency_search18.png>
Package pdftex.def Info: agency_search18.png  used on input line 238.
(pdftex.def)             Requested size: 460.93153pt x 288.07506pt.
<agency_search19.png, id=184, 1284.8pt x 803.0pt>
File: agency_search19.png Graphic file (type png)
<use agency_search19.png>
Package pdftex.def Info: agency_search19.png  used on input line 244.
(pdftex.def)             Requested size: 460.93153pt x 288.07506pt.
[17

 <./agency_search18.png> <./agency_search19.png>]
<agency_search20.png, id=191, 1284.8pt x 803.0pt>
File: agency_search20.png Graphic file (type png)
<use agency_search20.png>
Package pdftex.def Info: agency_search20.png  used on input line 251.
(pdftex.def)             Requested size: 460.93153pt x 288.07506pt.
<agency_search21.png, id=192, 1284.8pt x 803.0pt>
File: agency_search21.png Graphic file (type png)
<use agency_search21.png>
Package pdftex.def Info: agency_search21.png  used on input line 257.
(pdftex.def)             Requested size: 460.93153pt x 288.07506pt.
 [18

 <./agency_search20.png> <./agency_search21.png>]
<agency_search22.png, id=199, 1284.8pt x 803.0pt>
File: agency_search22.png Graphic file (type png)
<use agency_search22.png>
Package pdftex.def Info: agency_search22.png  used on input line 264.
(pdftex.def)             Requested size: 460.93153pt x 288.07506pt.
<agency_search23.png, id=200, 1284.8pt x 803.0pt>
File: agency_search23.png Graphic file (type png)
<use agency_search23.png>
Package pdftex.def Info: agency_search23.png  used on input line 270.
(pdftex.def)             Requested size: 460.93153pt x 288.07506pt.
 [19

 <./agency_search22.png> <./agency_search23.png>]
<agency_search24.png, id=208, 1284.8pt x 803.0pt>
File: agency_search24.png Graphic file (type png)
<use agency_search24.png>
Package pdftex.def Info: agency_search24.png  used on input line 277.
(pdftex.def)             Requested size: 460.93153pt x 288.07506pt.
<agency_search25.png, id=209, 1284.8pt x 803.0pt>
File: agency_search25.png Graphic file (type png)
<use agency_search25.png>
Package pdftex.def Info: agency_search25.png  used on input line 283.
(pdftex.def)             Requested size: 460.93153pt x 288.07506pt.
[20

 <./agency_search24.png> <./agency_search25.png>]
<agency_search26.png, id=216, 1284.8pt x 803.0pt>
File: agency_search26.png Graphic file (type png)
<use agency_search26.png>
Package pdftex.def Info: agency_search26.png  used on input line 290.
(pdftex.def)             Requested size: 460.93153pt x 288.07506pt.
<agency_search27.png, id=217, 1284.8pt x 803.0pt>
File: agency_search27.png Graphic file (type png)
<use agency_search27.png>
Package pdftex.def Info: agency_search27.png  used on input line 296.
(pdftex.def)             Requested size: 460.93153pt x 288.07506pt.
 [21

 <./agency_search26.png> <./agency_search27.png>]
<agency_search28.png, id=224, 1284.8pt x 803.0pt>
File: agency_search28.png Graphic file (type png)
<use agency_search28.png>
Package pdftex.def Info: agency_search28.png  used on input line 303.
(pdftex.def)             Requested size: 460.93153pt x 288.07506pt.
<agency_search29.png, id=225, 1284.8pt x 803.0pt>
File: agency_search29.png Graphic file (type png)
<use agency_search29.png>
Package pdftex.def Info: agency_search29.png  used on input line 309.
(pdftex.def)             Requested size: 460.93153pt x 288.07506pt.
<agency_job0.png, id=226, 1284.8pt x 803.0pt>
File: agency_job0.png Graphic file (type png)
<use agency_job0.png>
Package pdftex.def Info: agency_job0.png  used on input line 317.
(pdftex.def)             Requested size: 460.93153pt x 288.07506pt.
 [22

 <./agency_search28.png> <./agency_search29.png>]
<agency_job1.png, id=233, 1284.8pt x 803.0pt>
File: agency_job1.png Graphic file (type png)
<use agency_job1.png>
Package pdftex.def Info: agency_job1.png  used on input line 323.
(pdftex.def)             Requested size: 460.93153pt x 288.07506pt.
[23 <./agency_job0.png> <./agency_job1.png>]
<agency_job2.png, id=241, 1284.8pt x 803.0pt>
File: agency_job2.png Graphic file (type png)
<use agency_job2.png>
Package pdftex.def Info: agency_job2.png  used on input line 330.
(pdftex.def)             Requested size: 460.93153pt x 288.07506pt.
<agency_job3.png, id=242, 1284.8pt x 803.0pt>
File: agency_job3.png Graphic file (type png)
<use agency_job3.png>
Package pdftex.def Info: agency_job3.png  used on input line 336.
(pdftex.def)             Requested size: 460.93153pt x 288.07506pt.
 [24

 <./agency_job2.png> <./agency_job3.png>]
<agency_job4.png, id=249, 1284.8pt x 803.0pt>
File: agency_job4.png Graphic file (type png)
<use agency_job4.png>
Package pdftex.def Info: agency_job4.png  used on input line 343.
(pdftex.def)             Requested size: 460.93153pt x 288.07506pt.
<agency_job5.png, id=250, 1284.8pt x 803.0pt>
File: agency_job5.png Graphic file (type png)
<use agency_job5.png>
Package pdftex.def Info: agency_job5.png  used on input line 349.
(pdftex.def)             Requested size: 460.93153pt x 288.07506pt.
 [25

 <./agency_job4.png> <./agency_job5.png>]
<agency_job6.png, id=258, 1284.8pt x 803.0pt>
File: agency_job6.png Graphic file (type png)
<use agency_job6.png>
Package pdftex.def Info: agency_job6.png  used on input line 356.
(pdftex.def)             Requested size: 460.93153pt x 288.07506pt.
<agency_job7.png, id=259, 1284.8pt x 803.0pt>
File: agency_job7.png Graphic file (type png)
<use agency_job7.png>
Package pdftex.def Info: agency_job7.png  used on input line 364.
(pdftex.def)             Requested size: 460.93153pt x 288.07506pt.
 [26

 <./agency_job6.png> <./agency_job7.png>]
<agency_job8.png, id=266, 1284.8pt x 803.0pt>
File: agency_job8.png Graphic file (type png)
<use agency_job8.png>
Package pdftex.def Info: agency_job8.png  used on input line 371.
(pdftex.def)             Requested size: 460.93153pt x 288.07506pt.
<agency_job9.png, id=267, 1284.8pt x 803.0pt>
File: agency_job9.png Graphic file (type png)
<use agency_job9.png>
Package pdftex.def Info: agency_job9.png  used on input line 377.
(pdftex.def)             Requested size: 460.93153pt x 288.07506pt.
 [27

 <./agency_job8.png> <./agency_job9.png>]
<agency_job10.png, id=274, 1284.8pt x 803.0pt>
File: agency_job10.png Graphic file (type png)
<use agency_job10.png>
Package pdftex.def Info: agency_job10.png  used on input line 384.
(pdftex.def)             Requested size: 460.93153pt x 288.07506pt.
<agency_job11.png, id=275, 1284.8pt x 803.0pt>
File: agency_job11.png Graphic file (type png)
<use agency_job11.png>
Package pdftex.def Info: agency_job11.png  used on input line 390.
(pdftex.def)             Requested size: 460.93153pt x 288.07506pt.
 [28

 <./agency_job10.png> <./agency_job11.png>]
<agency_job12_iOS1.png, id=282, 642.4pt x 1140.26pt>
File: agency_job12_iOS1.png Graphic file (type png)
<use agency_job12_iOS1.png>
Package pdftex.def Info: agency_job12_iOS1.png  used on input line 399.
(pdftex.def)             Requested size: 207.41777pt x 368.16165pt.
<agency_job12_iOS2.png, id=283, 642.4pt x 1140.26pt>
File: agency_job12_iOS2.png Graphic file (type png)
<use agency_job12_iOS2.png>
Package pdftex.def Info: agency_job12_iOS2.png  used on input line 404.
(pdftex.def)             Requested size: 207.41777pt x 368.16165pt.
<agency_job12.png, id=284, 1284.8pt x 803.0pt>
File: agency_job12.png Graphic file (type png)
<use agency_job12.png>
Package pdftex.def Info: agency_job12.png  used on input line 410.
(pdftex.def)             Requested size: 460.93153pt x 288.07506pt.
<agency_job13.png, id=285, 1284.8pt x 803.0pt>
File: agency_job13.png Graphic file (type png)
<use agency_job13.png>
Package pdftex.def Info: agency_job13.png  used on input line 415.
(pdftex.def)             Requested size: 460.93153pt x 288.07506pt.
 [29

 <./agency_job12_iOS1.png> <./agency_job12_iOS2.png> <./agency_job12.png>] [30 
<./agency_job13.png>]
<agency_job14.png, id=298, 1284.8pt x 803.0pt>
File: agency_job14.png Graphic file (type png)
<use agency_job14.png>
Package pdftex.def Info: agency_job14.png  used on input line 422.
(pdftex.def)             Requested size: 460.93153pt x 288.07506pt.
<agency_job15.png, id=299, 1284.8pt x 803.0pt>
File: agency_job15.png Graphic file (type png)
<use agency_job15.png>
Package pdftex.def Info: agency_job15.png  used on input line 428.
(pdftex.def)             Requested size: 460.93153pt x 288.07506pt.
 [31

 <./agency_job14.png> <./agency_job15.png>]
<agency_job16.png, id=307, 1284.8pt x 803.0pt>
File: agency_job16.png Graphic file (type png)
<use agency_job16.png>
Package pdftex.def Info: agency_job16.png  used on input line 435.
(pdftex.def)             Requested size: 460.93153pt x 288.07506pt.
<agency_job17.png, id=308, 1284.8pt x 803.0pt>
File: agency_job17.png Graphic file (type png)
<use agency_job17.png>
Package pdftex.def Info: agency_job17.png  used on input line 442.
(pdftex.def)             Requested size: 460.93153pt x 288.07506pt.
 [32

 <./agency_job16.png> <./agency_job17.png>]
<agency_job18.png, id=315, 1179.40625pt x 710.655pt>
File: agency_job18.png Graphic file (type png)
<use agency_job18.png>
Package pdftex.def Info: agency_job18.png  used on input line 449.
(pdftex.def)             Requested size: 460.93153pt x 277.73988pt.

[33

 <./agency_job18.png>]
Package atveryend Info: Empty hook `BeforeClearDocument' on input line 460.
 [34

]
Package atveryend Info: Empty hook `AfterLastShipout' on input line 460.
 (./userguide_agency.aux)
Package atveryend Info: Executing hook `AtVeryEndDocument' on input line 460.
Package atveryend Info: Executing hook `AtEndAfterFileList' on input line 460.
Package rerunfilecheck Info: File `userguide_agency.out' has not changed.
(rerunfilecheck)             Checksum: 554EB17C9F5393C242CB28CFFBA994BC;847.
Package atveryend Info: Empty hook `AtVeryVeryEnd' on input line 460.
 ) 
Here is how much of TeX's memory you used:
 11616 strings out of 494091
 166379 string characters out of 6163523
 238686 words of memory out of 5000000
 15100 multiletter control sequences out of 15000+600000
 9673 words of font info for 34 fonts, out of 8000000 for 9000
 319 hyphenation exceptions out of 8191
 28i,11n,43p,249b,344s stack positions out of 5000i,500n,10000p,200000b,80000s
 </Users/filippo/Library/texlive/2018basic/texmf-var/fonts/pk/ljfour/jknappen
/ec/tcrm1095.600pk></usr/local/texlive/2018basic/texmf-dist/fonts/type1/public/
amsfonts/cm/cmbx10.pfb></usr/local/texlive/2018basic/texmf-dist/fonts/type1/pub
lic/amsfonts/cm/cmbx12.pfb></usr/local/texlive/2018basic/texmf-dist/fonts/type1
/public/amsfonts/cm/cmr10.pfb></usr/local/texlive/2018basic/texmf-dist/fonts/ty
pe1/public/amsfonts/cm/cmr12.pfb></usr/local/texlive/2018basic/texmf-dist/fonts
/type1/public/amsfonts/cm/cmr17.pfb></usr/local/texlive/2018basic/texmf-dist/fo
nts/type1/public/amsfonts/cm/cmsl10.pfb></usr/local/texlive/2018basic/texmf-dis
t/fonts/type1/public/amsfonts/cm/cmtt10.pfb>
Output written on userguide_agency.pdf (34 pages, 5725392 bytes).
PDF statistics:
 368 PDF objects out of 1000 (max. 8388607)
 198 compressed objects within 2 object streams
 45 named destinations out of 1000 (max. 500000)
 383 words of extra memory for PDF output out of 10000 (max. 10000000)

